{"numFailedTestSuites":3,"numFailedTests":2,"numPassedTestSuites":7,"numPassedTests":108,"numPendingTestSuites":0,"numPendingTests":0,"numRuntimeErrorTestSuites":2,"numTodoTests":0,"numTotalTestSuites":10,"numTotalTests":110,"openHandles":[],"snapshot":{"added":0,"didUpdate":false,"failure":false,"filesAdded":0,"filesRemoved":0,"filesRemovedList":[],"filesUnmatched":0,"filesUpdated":0,"matched":0,"total":0,"unchecked":0,"uncheckedKeysByFile":[],"unmatched":0,"updated":0},"startTime":1753385960062,"success":false,"testResults":[{"assertionResults":[{"ancestorTitles":["Zep Context Management","getIntelligentContext"],"duration":4,"failureDetails":[],"failureMessages":[],"fullName":"Zep Context Management getIntelligentContext should retrieve comprehensive health context","invocations":1,"location":null,"numPassingAsserts":5,"retryReasons":[],"status":"passed","title":"should retrieve comprehensive health context"},{"ancestorTitles":["Zep Context Management","getIntelligentContext"],"duration":1,"failureDetails":[{"matcherResult":{"message":"expect(jest.fn()).toHaveBeenCalled()\n\nExpected number of calls: >= 1\nReceived number of calls:    0","pass":false}}],"failureMessages":["Error: expect(jest.fn()).toHaveBeenCalled()\n\nExpected number of calls: >= 1\nReceived number of calls:    0\n    at Object.toHaveBeenCalled (/home/ubuntu/biospark-health-ai/__tests__/memory/context.test.ts:99:31)"],"fullName":"Zep Context Management getIntelligentContext should handle context summarization for long content","invocations":1,"location":null,"numPassingAsserts":0,"retryReasons":[],"status":"failed","title":"should handle context summarization for long content"},{"ancestorTitles":["Zep Context Management","updateConversationContext"],"duration":5,"failureDetails":[{"matcherResult":{"message":"expect(jest.fn()).toHaveBeenCalledWith(...expected)\n\nExpected: \"test-session-456\", ObjectContaining {\"messages\": ArrayContaining [ObjectContaining {\"content\": \"What do my lab results mean?\", \"role\": \"user\"}, ObjectContaining {\"content\": \"Your results show good overall health with some areas for improvement.\", \"role\": \"assistant\"}]}\n\nNumber of calls: 0","pass":false}}],"failureMessages":["Error: expect(jest.fn()).toHaveBeenCalledWith(...expected)\n\nExpected: \"test-session-456\", ObjectContaining {\"messages\": ArrayContaining [ObjectContaining {\"content\": \"What do my lab results mean?\", \"role\": \"user\"}, ObjectContaining {\"content\": \"Your results show good overall health with some areas for improvement.\", \"role\": \"assistant\"}]}\n\nNumber of calls: 0\n    at Object.toHaveBeenCalledWith (/home/ubuntu/biospark-health-ai/__tests__/memory/context.test.ts:123:36)"],"fullName":"Zep Context Management updateConversationContext should store conversation messages successfully","invocations":1,"location":null,"numPassingAsserts":1,"retryReasons":[],"status":"failed","title":"should store conversation messages successfully"}],"endTime":1753385960687,"message":"  ● Zep Context Management › getIntelligentContext › should handle context summarization for long content\n\n    expect(jest.fn()).toHaveBeenCalled()\n\n    Expected number of calls: >= 1\n    Received number of calls:    0\n\n       97 |       );\n       98 |\n    >  99 |       expect(summarizeMemory).toHaveBeenCalled();\n          |                               ^\n      100 |       expect(result.data?.conversationSummary).toBe('Summarized content');\n      101 |     });\n      102 |   });\n\n      at Object.toHaveBeenCalled (__tests__/memory/context.test.ts:99:31)\n\n  ● Zep Context Management › updateConversationContext › should store conversation messages successfully\n\n    expect(jest.fn()).toHaveBeenCalledWith(...expected)\n\n    Expected: \"test-session-456\", ObjectContaining {\"messages\": ArrayContaining [ObjectContaining {\"content\": \"What do my lab results mean?\", \"role\": \"user\"}, ObjectContaining {\"content\": \"Your results show good overall health with some areas for improvement.\", \"role\": \"assistant\"}]}\n\n    Number of calls: 0\n\n      121 |\n      122 |       expect(result.success).toBe(true);\n    > 123 |       expect(zepClient.memory.add).toHaveBeenCalledWith(\n          |                                    ^\n      124 |         mockSessionId,\n      125 |         expect.objectContaining({\n      126 |           messages: expect.arrayContaining([\n\n      at Object.toHaveBeenCalledWith (__tests__/memory/context.test.ts:123:36)\n","name":"/home/ubuntu/biospark-health-ai/__tests__/memory/context.test.ts","startTime":1753385960169,"status":"failed","summary":""},{"assertionResults":[{"ancestorTitles":["Memory Performance & Caching","Memory Cache"],"duration":3,"failureDetails":[],"failureMessages":[],"fullName":"Memory Performance & Caching Memory Cache should cache and retrieve data correctly","invocations":1,"location":null,"numPassingAsserts":1,"retryReasons":[],"status":"passed","title":"should cache and retrieve data correctly"},{"ancestorTitles":["Memory Performance & Caching","Memory Cache"],"duration":151,"failureDetails":[],"failureMessages":[],"fullName":"Memory Performance & Caching Memory Cache should respect TTL and expire data","invocations":1,"location":null,"numPassingAsserts":2,"retryReasons":[],"status":"passed","title":"should respect TTL and expire data"},{"ancestorTitles":["Memory Performance & Caching","Memory Cache"],"duration":1,"failureDetails":[],"failureMessages":[],"fullName":"Memory Performance & Caching Memory Cache should implement LRU eviction when cache is full","invocations":1,"location":null,"numPassingAsserts":2,"retryReasons":[],"status":"passed","title":"should implement LRU eviction when cache is full"},{"ancestorTitles":["Memory Performance & Caching","withCache wrapper"],"duration":1,"failureDetails":[],"failureMessages":[],"fullName":"Memory Performance & Caching withCache wrapper should cache operation results","invocations":1,"location":null,"numPassingAsserts":4,"retryReasons":[],"status":"passed","title":"should cache operation results"},{"ancestorTitles":["Memory Performance & Caching","withCache wrapper"],"duration":9,"failureDetails":[],"failureMessages":[],"fullName":"Memory Performance & Caching withCache wrapper should handle operation failures gracefully","invocations":1,"location":null,"numPassingAsserts":3,"retryReasons":[],"status":"passed","title":"should handle operation failures gracefully"},{"ancestorTitles":["Memory Performance & Caching","Performance Requirements"],"duration":0,"failureDetails":[],"failureMessages":[],"fullName":"Memory Performance & Caching Performance Requirements should meet <50ms response time requirement for cached operations","invocations":1,"location":null,"numPassingAsserts":2,"retryReasons":[],"status":"passed","title":"should meet <50ms response time requirement for cached operations"},{"ancestorTitles":["Memory Performance & Caching","Performance Requirements"],"duration":11,"failureDetails":[],"failureMessages":[],"fullName":"Memory Performance & Caching Performance Requirements should handle concurrent cache operations","invocations":1,"location":null,"numPassingAsserts":10,"retryReasons":[],"status":"passed","title":"should handle concurrent cache operations"},{"ancestorTitles":["Memory Performance & Caching","Cache Statistics"],"duration":0,"failureDetails":[],"failureMessages":[],"fullName":"Memory Performance & Caching Cache Statistics should provide cache statistics","invocations":1,"location":null,"numPassingAsserts":3,"retryReasons":[],"status":"passed","title":"should provide cache statistics"}],"endTime":1753385961129,"message":"","name":"/home/ubuntu/biospark-health-ai/__tests__/memory/performance.test.ts","startTime":1753385960694,"status":"passed","summary":""},{"assertionResults":[{"ancestorTitles":["Phase 2 Advanced AI Integration","Phase 2 System Integration"],"duration":24,"failureDetails":[],"failureMessages":[],"fullName":"Phase 2 Advanced AI Integration Phase 2 System Integration should initialize all Phase 2 AI components successfully","invocations":1,"location":null,"numPassingAsserts":3,"retryReasons":[],"status":"passed","title":"should initialize all Phase 2 AI components successfully"},{"ancestorTitles":["Phase 2 Advanced AI Integration","Phase 2 System Integration"],"duration":3,"failureDetails":[],"failureMessages":[],"fullName":"Phase 2 Advanced AI Integration Phase 2 System Integration should generate comprehensive advanced health insights","invocations":1,"location":null,"numPassingAsserts":13,"retryReasons":[],"status":"passed","title":"should generate comprehensive advanced health insights"},{"ancestorTitles":["Phase 2 Advanced AI Integration","Phase 2 System Integration"],"duration":1,"failureDetails":[],"failureMessages":[],"fullName":"Phase 2 Advanced AI Integration Phase 2 System Integration should meet Phase 2 performance benchmarks","invocations":1,"location":null,"numPassingAsserts":3,"retryReasons":[],"status":"passed","title":"should meet Phase 2 performance benchmarks"},{"ancestorTitles":["Phase 2 Advanced AI Integration","Ray Peat Bioenergetics Integration"],"duration":2,"failureDetails":[],"failureMessages":[],"fullName":"Phase 2 Advanced AI Integration Ray Peat Bioenergetics Integration should identify hypothyroid pattern from comprehensive data","invocations":1,"location":null,"numPassingAsserts":2,"retryReasons":[],"status":"passed","title":"should identify hypothyroid pattern from comprehensive data"},{"ancestorTitles":["Phase 2 Advanced AI Integration","Ray Peat Bioenergetics Integration"],"duration":1,"failureDetails":[],"failureMessages":[],"fullName":"Phase 2 Advanced AI Integration Ray Peat Bioenergetics Integration should prioritize Ray Peat principles in recommendations","invocations":1,"location":null,"numPassingAsserts":1,"retryReasons":[],"status":"passed","title":"should prioritize Ray Peat principles in recommendations"},{"ancestorTitles":["Phase 2 Advanced AI Integration","Ray Peat Bioenergetics Integration"],"duration":2,"failureDetails":[],"failureMessages":[],"fullName":"Phase 2 Advanced AI Integration Ray Peat Bioenergetics Integration should assess metabolic dysfunction severity correctly","invocations":1,"location":null,"numPassingAsserts":2,"retryReasons":[],"status":"passed","title":"should assess metabolic dysfunction severity correctly"},{"ancestorTitles":["Phase 2 Advanced AI Integration","Ray Peat Bioenergetics Integration"],"duration":4,"failureDetails":[],"failureMessages":[],"fullName":"Phase 2 Advanced AI Integration Ray Peat Bioenergetics Integration should identify problematic dietary patterns","invocations":1,"location":null,"numPassingAsserts":1,"retryReasons":[],"status":"passed","title":"should identify problematic dietary patterns"},{"ancestorTitles":["Phase 2 Advanced AI Integration","Advanced AI Features"],"duration":1,"failureDetails":[],"failureMessages":[],"fullName":"Phase 2 Advanced AI Integration Advanced AI Features should synthesize insights across all AI engines","invocations":1,"location":null,"numPassingAsserts":5,"retryReasons":[],"status":"passed","title":"should synthesize insights across all AI engines"},{"ancestorTitles":["Phase 2 Advanced AI Integration","Advanced AI Features"],"duration":2,"failureDetails":[],"failureMessages":[],"fullName":"Phase 2 Advanced AI Integration Advanced AI Features should provide integrated risk assessment","invocations":1,"location":null,"numPassingAsserts":5,"retryReasons":[],"status":"passed","title":"should provide integrated risk assessment"},{"ancestorTitles":["Phase 2 Advanced AI Integration","Advanced AI Features"],"duration":1,"failureDetails":[],"failureMessages":[],"fullName":"Phase 2 Advanced AI Integration Advanced AI Features should create actionable follow-up schedule","invocations":1,"location":null,"numPassingAsserts":5,"retryReasons":[],"status":"passed","title":"should create actionable follow-up schedule"},{"ancestorTitles":["Phase 2 Advanced AI Integration","Advanced AI Features"],"duration":1,"failureDetails":[],"failureMessages":[],"fullName":"Phase 2 Advanced AI Integration Advanced AI Features should provide immediate actions for urgent cases","invocations":1,"location":null,"numPassingAsserts":4,"retryReasons":[],"status":"passed","title":"should provide immediate actions for urgent cases"},{"ancestorTitles":["Phase 2 Advanced AI Integration","Memory Integration and Context"],"duration":1,"failureDetails":[],"failureMessages":[],"fullName":"Phase 2 Advanced AI Integration Memory Integration and Context should integrate health history into analysis","invocations":1,"location":null,"numPassingAsserts":2,"retryReasons":[],"status":"passed","title":"should integrate health history into analysis"},{"ancestorTitles":["Phase 2 Advanced AI Integration","Memory Integration and Context"],"duration":1,"failureDetails":[],"failureMessages":[],"fullName":"Phase 2 Advanced AI Integration Memory Integration and Context should consider user preferences in personalization","invocations":1,"location":null,"numPassingAsserts":1,"retryReasons":[],"status":"passed","title":"should consider user preferences in personalization"},{"ancestorTitles":["Phase 2 Advanced AI Integration","Memory Integration and Context"],"duration":1,"failureDetails":[],"failureMessages":[],"fullName":"Phase 2 Advanced AI Integration Memory Integration and Context should track health journey progression","invocations":1,"location":null,"numPassingAsserts":1,"retryReasons":[],"status":"passed","title":"should track health journey progression"},{"ancestorTitles":["Phase 2 Advanced AI Integration","Enterprise Quality and Compliance"],"duration":1,"failureDetails":[],"failureMessages":[],"fullName":"Phase 2 Advanced AI Integration Enterprise Quality and Compliance should maintain HIPAA compliance throughout analysis","invocations":1,"location":null,"numPassingAsserts":3,"retryReasons":[],"status":"passed","title":"should maintain HIPAA compliance throughout analysis"},{"ancestorTitles":["Phase 2 Advanced AI Integration","Enterprise Quality and Compliance"],"duration":1,"failureDetails":[],"failureMessages":[],"fullName":"Phase 2 Advanced AI Integration Enterprise Quality and Compliance should provide AI model version tracking","invocations":1,"location":null,"numPassingAsserts":5,"retryReasons":[],"status":"passed","title":"should provide AI model version tracking"},{"ancestorTitles":["Phase 2 Advanced AI Integration","Enterprise Quality and Compliance"],"duration":2,"failureDetails":[],"failureMessages":[],"fullName":"Phase 2 Advanced AI Integration Enterprise Quality and Compliance should maintain high confidence scores for quality assurance","invocations":1,"location":null,"numPassingAsserts":5,"retryReasons":[],"status":"passed","title":"should maintain high confidence scores for quality assurance"},{"ancestorTitles":["Phase 2 Advanced AI Integration","Enterprise Quality and Compliance"],"duration":2,"failureDetails":[],"failureMessages":[],"fullName":"Phase 2 Advanced AI Integration Enterprise Quality and Compliance should handle concurrent user requests efficiently","invocations":1,"location":null,"numPassingAsserts":9,"retryReasons":[],"status":"passed","title":"should handle concurrent user requests efficiently"},{"ancestorTitles":["Phase 2 Advanced AI Integration","Error Handling and Resilience"],"duration":1,"failureDetails":[],"failureMessages":[],"fullName":"Phase 2 Advanced AI Integration Error Handling and Resilience should handle partial AI engine failures gracefully","invocations":1,"location":null,"numPassingAsserts":3,"retryReasons":[],"status":"passed","title":"should handle partial AI engine failures gracefully"},{"ancestorTitles":["Phase 2 Advanced AI Integration","Error Handling and Resilience"],"duration":1,"failureDetails":[],"failureMessages":[],"fullName":"Phase 2 Advanced AI Integration Error Handling and Resilience should provide meaningful analysis with minimal data","invocations":1,"location":null,"numPassingAsserts":3,"retryReasons":[],"status":"passed","title":"should provide meaningful analysis with minimal data"},{"ancestorTitles":["Phase 2 Advanced AI Integration","Error Handling and Resilience"],"duration":1,"failureDetails":[],"failureMessages":[],"fullName":"Phase 2 Advanced AI Integration Error Handling and Resilience should maintain system health monitoring","invocations":1,"location":null,"numPassingAsserts":7,"retryReasons":[],"status":"passed","title":"should maintain system health monitoring"},{"ancestorTitles":["Phase 2 Advanced AI Integration","Phase 2 Performance Benchmarks"],"duration":3,"failureDetails":[],"failureMessages":[],"fullName":"Phase 2 Advanced AI Integration Phase 2 Performance Benchmarks should meet \"knock socks off\" performance standards","invocations":1,"location":null,"numPassingAsserts":5,"retryReasons":[],"status":"passed","title":"should meet \"knock socks off\" performance standards"},{"ancestorTitles":["Phase 2 Advanced AI Integration","Phase 2 Performance Benchmarks"],"duration":3,"failureDetails":[],"failureMessages":[],"fullName":"Phase 2 Advanced AI Integration Phase 2 Performance Benchmarks should scale to enterprise load requirements","invocations":1,"location":null,"numPassingAsserts":17,"retryReasons":[],"status":"passed","title":"should scale to enterprise load requirements"}],"endTime":1753385961458,"message":"","name":"/home/ubuntu/biospark-health-ai/__tests__/phase2-integration.test.ts","startTime":1753385961132,"status":"passed","summary":""},{"assertionResults":[{"ancestorTitles":["BMAD Phase 1 Integration Tests","Memory-Enhanced Health Analysis"],"duration":8,"failureDetails":[],"failureMessages":[],"fullName":"BMAD Phase 1 Integration Tests Memory-Enhanced Health Analysis should generate memory-aware insights successfully","invocations":1,"location":null,"numPassingAsserts":9,"retryReasons":[],"status":"passed","title":"should generate memory-aware insights successfully"},{"ancestorTitles":["BMAD Phase 1 Integration Tests","Memory-Enhanced Health Analysis"],"duration":15,"failureDetails":[],"failureMessages":[],"fullName":"BMAD Phase 1 Integration Tests Memory-Enhanced Health Analysis should handle memory retrieval failures gracefully","invocations":1,"location":null,"numPassingAsserts":3,"retryReasons":[],"status":"passed","title":"should handle memory retrieval failures gracefully"},{"ancestorTitles":["BMAD Phase 1 Integration Tests","Memory-Enhanced Health Analysis"],"duration":1,"failureDetails":[],"failureMessages":[],"fullName":"BMAD Phase 1 Integration Tests Memory-Enhanced Health Analysis should analyze engagement patterns correctly","invocations":1,"location":null,"numPassingAsserts":2,"retryReasons":[],"status":"passed","title":"should analyze engagement patterns correctly"},{"ancestorTitles":["BMAD Phase 1 Integration Tests","Progressive Disclosure Integration"],"duration":2,"failureDetails":[],"failureMessages":[],"fullName":"BMAD Phase 1 Integration Tests Progressive Disclosure Integration should track layer navigation correctly","invocations":1,"location":null,"numPassingAsserts":3,"retryReasons":[],"status":"passed","title":"should track layer navigation correctly"},{"ancestorTitles":["BMAD Phase 1 Integration Tests","Progressive Disclosure Integration"],"duration":1,"failureDetails":[],"failureMessages":[],"fullName":"BMAD Phase 1 Integration Tests Progressive Disclosure Integration should calculate engagement scores accurately","invocations":1,"location":null,"numPassingAsserts":2,"retryReasons":[],"status":"passed","title":"should calculate engagement scores accurately"},{"ancestorTitles":["BMAD Phase 1 Integration Tests","Memory Personalization"],"duration":1,"failureDetails":[],"failureMessages":[],"fullName":"BMAD Phase 1 Integration Tests Memory Personalization should generate personalized insights based on user history","invocations":1,"location":null,"numPassingAsserts":2,"retryReasons":[],"status":"passed","title":"should generate personalized insights based on user history"},{"ancestorTitles":["BMAD Phase 1 Integration Tests","Memory Personalization"],"duration":0,"failureDetails":[],"failureMessages":[],"fullName":"BMAD Phase 1 Integration Tests Memory Personalization should predict engagement patterns accurately","invocations":1,"location":null,"numPassingAsserts":2,"retryReasons":[],"status":"passed","title":"should predict engagement patterns accurately"},{"ancestorTitles":["BMAD Phase 1 Integration Tests","Database Integration"],"duration":1,"failureDetails":[],"failureMessages":[],"fullName":"BMAD Phase 1 Integration Tests Database Integration should create health assessment with memory enhancement","invocations":1,"location":null,"numPassingAsserts":3,"retryReasons":[],"status":"passed","title":"should create health assessment with memory enhancement"},{"ancestorTitles":["BMAD Phase 1 Integration Tests","Database Integration"],"duration":1,"failureDetails":[],"failureMessages":[],"fullName":"BMAD Phase 1 Integration Tests Database Integration should update user memory preferences automatically","invocations":1,"location":null,"numPassingAsserts":2,"retryReasons":[],"status":"passed","title":"should update user memory preferences automatically"},{"ancestorTitles":["BMAD Phase 1 Integration Tests","API Integration"],"duration":1,"failureDetails":[],"failureMessages":[],"fullName":"BMAD Phase 1 Integration Tests API Integration should handle memory-enhanced analysis API requests","invocations":1,"location":null,"numPassingAsserts":2,"retryReasons":[],"status":"passed","title":"should handle memory-enhanced analysis API requests"},{"ancestorTitles":["BMAD Phase 1 Integration Tests","API Integration"],"duration":0,"failureDetails":[],"failureMessages":[],"fullName":"BMAD Phase 1 Integration Tests API Integration should handle engagement tracking API requests","invocations":1,"location":null,"numPassingAsserts":2,"retryReasons":[],"status":"passed","title":"should handle engagement tracking API requests"},{"ancestorTitles":["BMAD Phase 1 Integration Tests","Error Handling & Resilience"],"duration":4,"failureDetails":[],"failureMessages":[],"fullName":"BMAD Phase 1 Integration Tests Error Handling & Resilience should handle Zep API failures gracefully","invocations":1,"location":null,"numPassingAsserts":1,"retryReasons":[],"status":"passed","title":"should handle Zep API failures gracefully"},{"ancestorTitles":["BMAD Phase 1 Integration Tests","Error Handling & Resilience"],"duration":1,"failureDetails":[],"failureMessages":[],"fullName":"BMAD Phase 1 Integration Tests Error Handling & Resilience should provide fallback when memory enhancement fails","invocations":1,"location":null,"numPassingAsserts":3,"retryReasons":[],"status":"passed","title":"should provide fallback when memory enhancement fails"},{"ancestorTitles":["BMAD Phase 1 Integration Tests","Performance & Scalability"],"duration":3,"failureDetails":[],"failureMessages":[],"fullName":"BMAD Phase 1 Integration Tests Performance & Scalability should handle concurrent analysis requests","invocations":1,"location":null,"numPassingAsserts":31,"retryReasons":[],"status":"passed","title":"should handle concurrent analysis requests"},{"ancestorTitles":["BMAD Phase 1 Integration Tests","Performance & Scalability"],"duration":0,"failureDetails":[],"failureMessages":[],"fullName":"BMAD Phase 1 Integration Tests Performance & Scalability should limit memory search results appropriately","invocations":1,"location":null,"numPassingAsserts":2,"retryReasons":[],"status":"passed","title":"should limit memory search results appropriately"}],"endTime":1753385961794,"message":"","name":"/home/ubuntu/biospark-health-ai/tests/phase1-integration.test.ts","startTime":1753385961488,"status":"passed","summary":""},{"assertionResults":[{"ancestorTitles":["Bioenergetics AI Engine","Initialization"],"duration":5,"failureDetails":[],"failureMessages":[],"fullName":"Bioenergetics AI Engine Initialization should initialize successfully with valid API key","invocations":1,"location":null,"numPassingAsserts":1,"retryReasons":[],"status":"passed","title":"should initialize successfully with valid API key"},{"ancestorTitles":["Bioenergetics AI Engine","Initialization"],"duration":1,"failureDetails":[],"failureMessages":[],"fullName":"Bioenergetics AI Engine Initialization should load Ray Peat bioenergetics knowledge base","invocations":1,"location":null,"numPassingAsserts":2,"retryReasons":[],"status":"passed","title":"should load Ray Peat bioenergetics knowledge base"},{"ancestorTitles":["Bioenergetics AI Engine","Ray Peat Bioenergetics Principles"],"duration":2,"failureDetails":[],"failureMessages":[],"fullName":"Bioenergetics AI Engine Ray Peat Bioenergetics Principles should assess pulse rate significance","invocations":1,"location":null,"numPassingAsserts":2,"retryReasons":[],"status":"passed","title":"should assess pulse rate significance"},{"ancestorTitles":["Bioenergetics AI Engine","Ray Peat Bioenergetics Principles"],"duration":1,"failureDetails":[],"failureMessages":[],"fullName":"Bioenergetics AI Engine Ray Peat Bioenergetics Principles should evaluate metabolic rate holistically","invocations":1,"location":null,"numPassingAsserts":5,"retryReasons":[],"status":"passed","title":"should evaluate metabolic rate holistically"},{"ancestorTitles":["Bioenergetics AI Engine","Ray Peat Bioenergetics Principles"],"duration":1,"failureDetails":[],"failureMessages":[],"fullName":"Bioenergetics AI Engine Ray Peat Bioenergetics Principles should prioritize thyroid optimization","invocations":1,"location":null,"numPassingAsserts":1,"retryReasons":[],"status":"passed","title":"should prioritize thyroid optimization"},{"ancestorTitles":["Bioenergetics AI Engine","Ray Peat Bioenergetics Principles"],"duration":1,"failureDetails":[],"failureMessages":[],"fullName":"Bioenergetics AI Engine Ray Peat Bioenergetics Principles should assess body temperature significance","invocations":1,"location":null,"numPassingAsserts":2,"retryReasons":[],"status":"passed","title":"should assess body temperature significance"},{"ancestorTitles":["Bioenergetics AI Engine","Ray Peat Bioenergetics Principles"],"duration":1,"failureDetails":[],"failureMessages":[],"fullName":"Bioenergetics AI Engine Ray Peat Bioenergetics Principles should evaluate glucose metabolism efficiency","invocations":1,"location":null,"numPassingAsserts":2,"retryReasons":[],"status":"passed","title":"should evaluate glucose metabolism efficiency"},{"ancestorTitles":["Bioenergetics AI Engine","Ray Peat Bioenergetics Principles"],"duration":1,"failureDetails":[],"failureMessages":[],"fullName":"Bioenergetics AI Engine Ray Peat Bioenergetics Principles should assess mitochondrial function","invocations":1,"location":null,"numPassingAsserts":3,"retryReasons":[],"status":"passed","title":"should assess mitochondrial function"},{"ancestorTitles":["Bioenergetics AI Engine","Ray Peat Bioenergetics Principles"],"duration":2,"failureDetails":[],"failureMessages":[],"fullName":"Bioenergetics AI Engine Ray Peat Bioenergetics Principles should evaluate hormonal balance","invocations":1,"location":null,"numPassingAsserts":3,"retryReasons":[],"status":"passed","title":"should evaluate hormonal balance"},{"ancestorTitles":["Bioenergetics AI Engine","Error Handling"],"duration":13,"failureDetails":[],"failureMessages":[],"fullName":"Bioenergetics AI Engine Error Handling should handle OpenAI API failures gracefully","invocations":1,"location":null,"numPassingAsserts":1,"retryReasons":[],"status":"passed","title":"should handle OpenAI API failures gracefully"},{"ancestorTitles":["Bioenergetics AI Engine","Error Handling"],"duration":1,"failureDetails":[],"failureMessages":[],"fullName":"Bioenergetics AI Engine Error Handling should handle malformed health data","invocations":1,"location":null,"numPassingAsserts":3,"retryReasons":[],"status":"passed","title":"should handle malformed health data"},{"ancestorTitles":["Bioenergetics AI Engine","Error Handling"],"duration":1,"failureDetails":[],"failureMessages":[],"fullName":"Bioenergetics AI Engine Error Handling should handle memory manager failures","invocations":1,"location":null,"numPassingAsserts":1,"retryReasons":[],"status":"passed","title":"should handle memory manager failures"},{"ancestorTitles":["Bioenergetics AI Engine","Recommendations Generation"],"duration":1,"failureDetails":[],"failureMessages":[],"fullName":"Bioenergetics AI Engine Recommendations Generation should generate prioritized recommendations","invocations":1,"location":null,"numPassingAsserts":3,"retryReasons":[],"status":"passed","title":"should generate prioritized recommendations"},{"ancestorTitles":["Bioenergetics AI Engine","Recommendations Generation"],"duration":1,"failureDetails":[],"failureMessages":[],"fullName":"Bioenergetics AI Engine Recommendations Generation should create comprehensive monitoring plan","invocations":1,"location":null,"numPassingAsserts":4,"retryReasons":[],"status":"passed","title":"should create comprehensive monitoring plan"},{"ancestorTitles":["Bioenergetics AI Engine","Recommendations Generation"],"duration":1,"failureDetails":[],"failureMessages":[],"fullName":"Bioenergetics AI Engine Recommendations Generation should calculate confidence scores","invocations":1,"location":null,"numPassingAsserts":3,"retryReasons":[],"status":"passed","title":"should calculate confidence scores"},{"ancestorTitles":["Bioenergetics Engine Integration"],"duration":2,"failureDetails":[],"failureMessages":[],"fullName":"Bioenergetics Engine Integration should integrate health history into analysis","invocations":1,"location":null,"numPassingAsserts":3,"retryReasons":[],"status":"passed","title":"should integrate health history into analysis"},{"ancestorTitles":["Bioenergetics Engine Integration"],"duration":0,"failureDetails":[],"failureMessages":[],"fullName":"Bioenergetics Engine Integration should consider user preferences in recommendations","invocations":1,"location":null,"numPassingAsserts":1,"retryReasons":[],"status":"passed","title":"should consider user preferences in recommendations"}],"endTime":1753385962102,"message":"","name":"/home/ubuntu/biospark-health-ai/__tests__/ai/bioenergetics-engine.test.ts","startTime":1753385961810,"status":"passed","summary":""},{"assertionResults":[{"ancestorTitles":["Zep Integration Tests","ZepClient"],"duration":3,"failureDetails":[],"failureMessages":[],"fullName":"Zep Integration Tests ZepClient should create user session successfully","invocations":1,"location":null,"numPassingAsserts":3,"retryReasons":[],"status":"passed","title":"should create user session successfully"},{"ancestorTitles":["Zep Integration Tests","ZepClient"],"duration":0,"failureDetails":[],"failureMessages":[],"fullName":"Zep Integration Tests ZepClient should store health analysis memory with encryption","invocations":1,"location":null,"numPassingAsserts":1,"retryReasons":[],"status":"passed","title":"should store health analysis memory with encryption"},{"ancestorTitles":["Zep Integration Tests","ZepClient"],"duration":1,"failureDetails":[],"failureMessages":[],"fullName":"Zep Integration Tests ZepClient should retrieve relevant context","invocations":1,"location":null,"numPassingAsserts":1,"retryReasons":[],"status":"passed","title":"should retrieve relevant context"},{"ancestorTitles":["Zep Integration Tests","ZepClient"],"duration":0,"failureDetails":[],"failureMessages":[],"fullName":"Zep Integration Tests ZepClient should test connection successfully","invocations":1,"location":null,"numPassingAsserts":1,"retryReasons":[],"status":"passed","title":"should test connection successfully"},{"ancestorTitles":["Zep Integration Tests","MemoryManager"],"duration":1,"failureDetails":[],"failureMessages":[],"fullName":"Zep Integration Tests MemoryManager should store health analysis with HIPAA compliance","invocations":1,"location":null,"numPassingAsserts":1,"retryReasons":[],"status":"passed","title":"should store health analysis with HIPAA compliance"},{"ancestorTitles":["Zep Integration Tests","MemoryManager"],"duration":1,"failureDetails":[],"failureMessages":[],"fullName":"Zep Integration Tests MemoryManager should retrieve relevant memory context","invocations":1,"location":null,"numPassingAsserts":5,"retryReasons":[],"status":"passed","title":"should retrieve relevant memory context"},{"ancestorTitles":["Zep Integration Tests","MemoryManager"],"duration":1,"failureDetails":[],"failureMessages":[],"fullName":"Zep Integration Tests MemoryManager should create or get user session","invocations":1,"location":null,"numPassingAsserts":2,"retryReasons":[],"status":"passed","title":"should create or get user session"},{"ancestorTitles":["Zep Integration Tests","MemoryManager"],"duration":1,"failureDetails":[],"failureMessages":[],"fullName":"Zep Integration Tests MemoryManager should get user health journey","invocations":1,"location":null,"numPassingAsserts":4,"retryReasons":[],"status":"passed","title":"should get user health journey"},{"ancestorTitles":["Zep Integration Tests","SessionManager"],"duration":2,"failureDetails":[],"failureMessages":[],"fullName":"Zep Integration Tests SessionManager should create user session","invocations":1,"location":null,"numPassingAsserts":4,"retryReasons":[],"status":"passed","title":"should create user session"},{"ancestorTitles":["Zep Integration Tests","SessionManager"],"duration":0,"failureDetails":[],"failureMessages":[],"fullName":"Zep Integration Tests SessionManager should get active session","invocations":1,"location":null,"numPassingAsserts":1,"retryReasons":[],"status":"passed","title":"should get active session"},{"ancestorTitles":["Zep Integration Tests","SessionManager"],"duration":1,"failureDetails":[],"failureMessages":[],"fullName":"Zep Integration Tests SessionManager should validate session","invocations":1,"location":null,"numPassingAsserts":2,"retryReasons":[],"status":"passed","title":"should validate session"},{"ancestorTitles":["Zep Integration Tests","SessionManager"],"duration":1,"failureDetails":[],"failureMessages":[],"fullName":"Zep Integration Tests SessionManager should cleanup expired sessions","invocations":1,"location":null,"numPassingAsserts":2,"retryReasons":[],"status":"passed","title":"should cleanup expired sessions"},{"ancestorTitles":["Zep Integration Tests","SessionManager"],"duration":1,"failureDetails":[],"failureMessages":[],"fullName":"Zep Integration Tests SessionManager should get session statistics","invocations":1,"location":null,"numPassingAsserts":4,"retryReasons":[],"status":"passed","title":"should get session statistics"},{"ancestorTitles":["Zep Integration Tests","HIPAA Compliance"],"duration":1,"failureDetails":[],"failureMessages":[],"fullName":"Zep Integration Tests HIPAA Compliance should encrypt and decrypt PHI data","invocations":1,"location":null,"numPassingAsserts":3,"retryReasons":[],"status":"passed","title":"should encrypt and decrypt PHI data"},{"ancestorTitles":["Zep Integration Tests","HIPAA Compliance"],"duration":1,"failureDetails":[],"failureMessages":[],"fullName":"Zep Integration Tests HIPAA Compliance should validate HIPAA compliance","invocations":1,"location":null,"numPassingAsserts":1,"retryReasons":[],"status":"passed","title":"should validate HIPAA compliance"},{"ancestorTitles":["Zep Integration Tests","Error Handling"],"duration":1,"failureDetails":[],"failureMessages":[],"fullName":"Zep Integration Tests Error Handling should handle Zep API errors gracefully","invocations":1,"location":null,"numPassingAsserts":1,"retryReasons":[],"status":"passed","title":"should handle Zep API errors gracefully"},{"ancestorTitles":["Zep Integration Tests","Error Handling"],"duration":8,"failureDetails":[],"failureMessages":[],"fullName":"Zep Integration Tests Error Handling should handle network timeouts","invocations":1,"location":null,"numPassingAsserts":1,"retryReasons":[],"status":"passed","title":"should handle network timeouts"},{"ancestorTitles":["Zep Integration Tests","Performance"],"duration":2,"failureDetails":[],"failureMessages":[],"fullName":"Zep Integration Tests Performance should handle large memory contexts efficiently","invocations":1,"location":null,"numPassingAsserts":1,"retryReasons":[],"status":"passed","title":"should handle large memory contexts efficiently"},{"ancestorTitles":["Zep Integration Tests","Performance"],"duration":1,"failureDetails":[],"failureMessages":[],"fullName":"Zep Integration Tests Performance should handle concurrent session operations","invocations":1,"location":null,"numPassingAsserts":11,"retryReasons":[],"status":"passed","title":"should handle concurrent session operations"},{"ancestorTitles":["Full Zep Integration Workflow"],"duration":1,"failureDetails":[],"failureMessages":[],"fullName":"Full Zep Integration Workflow should complete full health analysis memory workflow","invocations":1,"location":null,"numPassingAsserts":2,"retryReasons":[],"status":"passed","title":"should complete full health analysis memory workflow"}],"endTime":1753385962407,"message":"","name":"/home/ubuntu/biospark-health-ai/__tests__/zep-integration.test.ts","startTime":1753385962121,"status":"passed","summary":""},{"assertionResults":[{"ancestorTitles":["Advanced Health AI Integration","System Initialization"],"duration":4,"failureDetails":[],"failureMessages":[],"fullName":"Advanced Health AI Integration System Initialization should initialize all AI engines successfully","invocations":1,"location":null,"numPassingAsserts":1,"retryReasons":[],"status":"passed","title":"should initialize all AI engines successfully"},{"ancestorTitles":["Advanced Health AI Integration","System Initialization"],"duration":1,"failureDetails":[],"failureMessages":[],"fullName":"Advanced Health AI Integration System Initialization should report healthy system status after initialization","invocations":1,"location":null,"numPassingAsserts":2,"retryReasons":[],"status":"passed","title":"should report healthy system status after initialization"},{"ancestorTitles":["Advanced Health AI Integration","Advanced Health Insights Generation"],"duration":2,"failureDetails":[],"failureMessages":[],"fullName":"Advanced Health AI Integration Advanced Health Insights Generation should generate comprehensive health insights","invocations":1,"location":null,"numPassingAsserts":5,"retryReasons":[],"status":"passed","title":"should generate comprehensive health insights"},{"ancestorTitles":["Advanced Health AI Integration","Advanced Health Insights Generation"],"duration":1,"failureDetails":[],"failureMessages":[],"fullName":"Advanced Health AI Integration Advanced Health Insights Generation should include all required analysis components","invocations":1,"location":null,"numPassingAsserts":5,"retryReasons":[],"status":"passed","title":"should include all required analysis components"},{"ancestorTitles":["Advanced Health AI Integration","Advanced Health Insights Generation"],"duration":1,"failureDetails":[],"failureMessages":[],"fullName":"Advanced Health AI Integration Advanced Health Insights Generation should generate prioritized recommendations","invocations":1,"location":null,"numPassingAsserts":3,"retryReasons":[],"status":"passed","title":"should generate prioritized recommendations"},{"ancestorTitles":["Advanced Health AI Integration","Advanced Health Insights Generation"],"duration":2,"failureDetails":[],"failureMessages":[],"fullName":"Advanced Health AI Integration Advanced Health Insights Generation should create follow-up schedule","invocations":1,"location":null,"numPassingAsserts":4,"retryReasons":[],"status":"passed","title":"should create follow-up schedule"},{"ancestorTitles":["Advanced Health AI Integration","Advanced Health Insights Generation"],"duration":1,"failureDetails":[],"failureMessages":[],"fullName":"Advanced Health AI Integration Advanced Health Insights Generation should complete processing within performance target","invocations":1,"location":null,"numPassingAsserts":2,"retryReasons":[],"status":"passed","title":"should complete processing within performance target"},{"ancestorTitles":["Advanced Health AI Integration","Ray Peat Bioenergetics Integration"],"duration":1,"failureDetails":[],"failureMessages":[],"fullName":"Advanced Health AI Integration Ray Peat Bioenergetics Integration should prioritize bioenergetics principles","invocations":1,"location":null,"numPassingAsserts":3,"retryReasons":[],"status":"passed","title":"should prioritize bioenergetics principles"},{"ancestorTitles":["Advanced Health AI Integration","Ray Peat Bioenergetics Integration"],"duration":2,"failureDetails":[],"failureMessages":[],"fullName":"Advanced Health AI Integration Ray Peat Bioenergetics Integration should include pro-metabolic recommendations","invocations":1,"location":null,"numPassingAsserts":1,"retryReasons":[],"status":"passed","title":"should include pro-metabolic recommendations"},{"ancestorTitles":["Advanced Health AI Integration","Performance and Quality"],"duration":1,"failureDetails":[],"failureMessages":[],"fullName":"Advanced Health AI Integration Performance and Quality should maintain high confidence scores","invocations":1,"location":null,"numPassingAsserts":2,"retryReasons":[],"status":"passed","title":"should maintain high confidence scores"},{"ancestorTitles":["Advanced Health AI Integration","Performance and Quality"],"duration":1,"failureDetails":[],"failureMessages":[],"fullName":"Advanced Health AI Integration Performance and Quality should provide AI model version tracking","invocations":1,"location":null,"numPassingAsserts":5,"retryReasons":[],"status":"passed","title":"should provide AI model version tracking"}],"endTime":1753385962686,"message":"","name":"/home/ubuntu/biospark-health-ai/__tests__/ai/advanced-health-ai.test.ts","startTime":1753385962416,"status":"passed","summary":""},{"assertionResults":[{"ancestorTitles":["Zep Memory Integration"],"duration":3,"failureDetails":[],"failureMessages":[],"fullName":"Zep Memory Integration Zep API connectivity","invocations":1,"location":null,"numPassingAsserts":1,"retryReasons":[],"status":"passed","title":"Zep API connectivity"},{"ancestorTitles":["Zep Memory Integration"],"duration":1,"failureDetails":[],"failureMessages":[],"fullName":"Zep Memory Integration Create user session","invocations":1,"location":null,"numPassingAsserts":3,"retryReasons":[],"status":"passed","title":"Create user session"},{"ancestorTitles":["Zep Memory Integration"],"duration":1,"failureDetails":[],"failureMessages":[],"fullName":"Zep Memory Integration Get or create user session","invocations":1,"location":null,"numPassingAsserts":2,"retryReasons":[],"status":"passed","title":"Get or create user session"},{"ancestorTitles":["Zep Memory Integration"],"duration":1,"failureDetails":[],"failureMessages":[],"fullName":"Zep Memory Integration Store health analysis in memory","invocations":1,"location":null,"numPassingAsserts":1,"retryReasons":[],"status":"passed","title":"Store health analysis in memory"},{"ancestorTitles":["Zep Memory Integration"],"duration":1,"failureDetails":[],"failureMessages":[],"fullName":"Zep Memory Integration Search health history","invocations":1,"location":null,"numPassingAsserts":4,"retryReasons":[],"status":"passed","title":"Search health history"},{"ancestorTitles":["Zep Memory Integration"],"duration":0,"failureDetails":[],"failureMessages":[],"fullName":"Zep Memory Integration Get relevant health context","invocations":1,"location":null,"numPassingAsserts":4,"retryReasons":[],"status":"passed","title":"Get relevant health context"},{"ancestorTitles":["Zep Memory Integration"],"duration":1,"failureDetails":[],"failureMessages":[],"fullName":"Zep Memory Integration HIPAA compliance - data encryption","invocations":1,"location":null,"numPassingAsserts":1,"retryReasons":[],"status":"passed","title":"HIPAA compliance - data encryption"},{"ancestorTitles":["Zep Memory Integration"],"duration":1,"failureDetails":[],"failureMessages":[],"fullName":"Zep Memory Integration Memory search with semantic similarity","invocations":1,"location":null,"numPassingAsserts":3,"retryReasons":[],"status":"passed","title":"Memory search with semantic similarity"},{"ancestorTitles":["Zep Memory Integration"],"duration":1,"failureDetails":[],"failureMessages":[],"fullName":"Zep Memory Integration Context-aware recommendations","invocations":1,"location":null,"numPassingAsserts":4,"retryReasons":[],"status":"passed","title":"Context-aware recommendations"},{"ancestorTitles":["HIPAA Compliance"],"duration":0,"failureDetails":[],"failureMessages":[],"fullName":"HIPAA Compliance PHI data handling","invocations":1,"location":null,"numPassingAsserts":1,"retryReasons":[],"status":"passed","title":"PHI data handling"},{"ancestorTitles":["HIPAA Compliance"],"duration":1,"failureDetails":[],"failureMessages":[],"fullName":"HIPAA Compliance Access control and audit logging","invocations":1,"location":null,"numPassingAsserts":1,"retryReasons":[],"status":"passed","title":"Access control and audit logging"},{"ancestorTitles":["Performance and Scalability"],"duration":1,"failureDetails":[],"failureMessages":[],"fullName":"Performance and Scalability Concurrent user sessions","invocations":1,"location":null,"numPassingAsserts":20,"retryReasons":[],"status":"passed","title":"Concurrent user sessions"},{"ancestorTitles":["Performance and Scalability"],"duration":0,"failureDetails":[],"failureMessages":[],"fullName":"Performance and Scalability Large dataset search performance","invocations":1,"location":null,"numPassingAsserts":2,"retryReasons":[],"status":"passed","title":"Large dataset search performance"}],"endTime":1753385962965,"message":"","name":"/home/ubuntu/biospark-health-ai/tests/zep.test.ts","startTime":1753385962706,"status":"passed","summary":""},{"assertionResults":[],"coverage":{},"endTime":1753385963484,"message":"  ● Test suite failed to run\n\n    TypeError: (0 , _search.setZepClient) is not a function\n\n      16 |\n      17 | // Set up the mock client\n    > 18 | setZepClient(mockZepClient);\n         |             ^\n      19 |\n      20 | describe('Zep Search Operations', () => {\n      21 |   const mockUserId = 'test-user-123';\n\n      at Object.<anonymous> (__tests__/memory/search.test.ts:18:13)\n","name":"/home/ubuntu/biospark-health-ai/__tests__/memory/search.test.ts","startTime":1753385963484,"status":"failed","summary":""},{"assertionResults":[],"coverage":{},"endTime":1753385963484,"message":"  ● Test suite failed to run\n\n    TypeError: (0 , _preferences.setZepClient) is not a function\n\n      18 |\n      19 | // Set up the mock client\n    > 20 | setZepClient(mockZepClient);\n         |             ^\n      21 |\n      22 | describe('Zep Preferences Management', () => {\n      23 |   const mockUserId = 'test-user-123';\n\n      at Object.<anonymous> (__tests__/memory/preferences.test.ts:20:13)\n","name":"/home/ubuntu/biospark-health-ai/__tests__/memory/preferences.test.ts","startTime":1753385963484,"status":"failed","summary":""}],"wasInterrupted":false}
