{"numFailedTestSuites":7,"numFailedTests":25,"numPassedTestSuites":3,"numPassedTests":97,"numPendingTestSuites":0,"numPendingTests":0,"numRuntimeErrorTestSuites":2,"numTodoTests":0,"numTotalTestSuites":10,"numTotalTests":122,"openHandles":[],"snapshot":{"added":0,"didUpdate":false,"failure":false,"filesAdded":0,"filesRemoved":0,"filesRemovedList":[],"filesUnmatched":0,"filesUpdated":0,"matched":0,"total":0,"unchecked":0,"uncheckedKeysByFile":[],"unmatched":0,"updated":0},"startTime":1753382693727,"success":false,"testResults":[{"assertionResults":[{"ancestorTitles":["Zep Memory Integration"],"duration":2,"failureDetails":[],"failureMessages":[],"fullName":"Zep Memory Integration Zep API connectivity","invocations":1,"location":null,"numPassingAsserts":1,"retryReasons":[],"status":"passed","title":"Zep API connectivity"},{"ancestorTitles":["Zep Memory Integration"],"duration":1,"failureDetails":[],"failureMessages":[],"fullName":"Zep Memory Integration Create user session","invocations":1,"location":null,"numPassingAsserts":3,"retryReasons":[],"status":"passed","title":"Create user session"},{"ancestorTitles":["Zep Memory Integration"],"duration":1,"failureDetails":[],"failureMessages":[],"fullName":"Zep Memory Integration Get or create user session","invocations":1,"location":null,"numPassingAsserts":2,"retryReasons":[],"status":"passed","title":"Get or create user session"},{"ancestorTitles":["Zep Memory Integration"],"duration":0,"failureDetails":[],"failureMessages":[],"fullName":"Zep Memory Integration Store health analysis in memory","invocations":1,"location":null,"numPassingAsserts":1,"retryReasons":[],"status":"passed","title":"Store health analysis in memory"},{"ancestorTitles":["Zep Memory Integration"],"duration":3,"failureDetails":[{"matcherResult":{"actual":"test-user-123","expected":"test_user_1753382694942","message":"expect(received).toBe(expected) // Object.is equality\n\nExpected: \"test_user_1753382694942\"\nReceived: \"test-user-123\"","name":"toBe","pass":false}}],"failureMessages":["Error: expect(received).toBe(expected) // Object.is equality\n\nExpected: \"test_user_1753382694942\"\nReceived: \"test-user-123\"\n    at Object.toBe (/home/ubuntu/biospark-health-ai/tests/zep.test.ts:82:35)"],"fullName":"Zep Memory Integration Retrieve health context from memory","invocations":1,"location":null,"numPassingAsserts":2,"retryReasons":[],"status":"failed","title":"Retrieve health context from memory"}],"endTime":1753382694984,"message":"  ● Zep Memory Integration › Retrieve health context from memory\n\n    expect(received).toBe(expected) // Object.is equality\n\n    Expected: \"test_user_1753382694942\"\n    Received: \"test-user-123\"\n\n      80 |       expect(result.success).toBe(true);\n      81 |       expect(result.data).toBeDefined();\n    > 82 |       expect(result.data?.userId).toBe(testUserId);\n         |                                   ^\n      83 |       expect(result.data?.sessionId).toBe(testSessionId);\n      84 |       expect(Array.isArray(result.data?.relevantHistory)).toBe(true);\n      85 |     }\n\n      at Object.toBe (tests/zep.test.ts:82:35)\n","name":"/home/ubuntu/biospark-health-ai/tests/zep.test.ts","startTime":1753382693869,"status":"failed","summary":""},{"assertionResults":[{"ancestorTitles":["Phase 2 Advanced AI Integration","Phase 2 System Integration"],"duration":21,"failureDetails":[],"failureMessages":[],"fullName":"Phase 2 Advanced AI Integration Phase 2 System Integration should initialize all Phase 2 AI components successfully","invocations":1,"location":null,"numPassingAsserts":3,"retryReasons":[],"status":"passed","title":"should initialize all Phase 2 AI components successfully"},{"ancestorTitles":["Phase 2 Advanced AI Integration","Phase 2 System Integration"],"duration":5,"failureDetails":[{"matcherResult":{"message":"expect(received).toBeDefined()\n\nReceived: undefined","pass":false}}],"failureMessages":["Error: expect(received).toBeDefined()\n\nReceived: undefined\n    at Object.toBeDefined (/home/ubuntu/biospark-health-ai/__tests__/phase2-integration.test.ts:294:44)"],"fullName":"Phase 2 Advanced AI Integration Phase 2 System Integration should generate comprehensive advanced health insights","invocations":1,"location":null,"numPassingAsserts":3,"retryReasons":[],"status":"failed","title":"should generate comprehensive advanced health insights"},{"ancestorTitles":["Phase 2 Advanced AI Integration","Phase 2 System Integration"],"duration":8,"failureDetails":[{"matcherResult":{"message":"expect(received).toBeGreaterThan(expected)\n\nExpected: > 0.8\nReceived:   0.7250000000000001","pass":false}}],"failureMessages":["Error: expect(received).toBeGreaterThan(expected)\n\nExpected: > 0.8\nReceived:   0.7250000000000001\n    at Object.toBeGreaterThan (/home/ubuntu/biospark-health-ai/__tests__/phase2-integration.test.ts:321:40)"],"fullName":"Phase 2 Advanced AI Integration Phase 2 System Integration should meet Phase 2 performance benchmarks","invocations":1,"location":null,"numPassingAsserts":2,"retryReasons":[],"status":"failed","title":"should meet Phase 2 performance benchmarks"},{"ancestorTitles":["Phase 2 Advanced AI Integration","Ray Peat Bioenergetics Integration"],"duration":3,"failureDetails":[],"failureMessages":[],"fullName":"Phase 2 Advanced AI Integration Ray Peat Bioenergetics Integration should identify hypothyroid pattern from comprehensive data","invocations":1,"location":null,"numPassingAsserts":2,"retryReasons":[],"status":"passed","title":"should identify hypothyroid pattern from comprehensive data"},{"ancestorTitles":["Phase 2 Advanced AI Integration","Ray Peat Bioenergetics Integration"],"duration":3,"failureDetails":[{"matcherResult":{"message":"expect(received).toBeGreaterThan(expected)\n\nExpected: > 2\nReceived:   0","pass":false}}],"failureMessages":["Error: expect(received).toBeGreaterThan(expected)\n\nExpected: > 2\nReceived:   0\n    at Object.toBeGreaterThan (/home/ubuntu/biospark-health-ai/__tests__/phase2-integration.test.ts:360:45)"],"fullName":"Phase 2 Advanced AI Integration Ray Peat Bioenergetics Integration should prioritize Ray Peat principles in recommendations","invocations":1,"location":null,"numPassingAsserts":0,"retryReasons":[],"status":"failed","title":"should prioritize Ray Peat principles in recommendations"},{"ancestorTitles":["Phase 2 Advanced AI Integration","Ray Peat Bioenergetics Integration"],"duration":4,"failureDetails":[{}],"failureMessages":["Error: expect(received).toMatch(expected)\n\nMatcher error: received value must be a string\n\nReceived has value: undefined\n    at Object.toMatch (/home/ubuntu/biospark-health-ai/__tests__/phase2-integration.test.ts:371:51)"],"fullName":"Phase 2 Advanced AI Integration Ray Peat Bioenergetics Integration should assess metabolic dysfunction severity correctly","invocations":1,"location":null,"numPassingAsserts":1,"retryReasons":[],"status":"failed","title":"should assess metabolic dysfunction severity correctly"},{"ancestorTitles":["Phase 2 Advanced AI Integration","Ray Peat Bioenergetics Integration"],"duration":3,"failureDetails":[{"matcherResult":{"message":"expect(received).toBeGreaterThan(expected)\n\nExpected: > 0\nReceived:   0","pass":false}}],"failureMessages":["Error: expect(received).toBeGreaterThan(expected)\n\nExpected: > 0\nReceived:   0\n    at Object.toBeGreaterThan (/home/ubuntu/biospark-health-ai/__tests__/phase2-integration.test.ts:393:49)"],"fullName":"Phase 2 Advanced AI Integration Ray Peat Bioenergetics Integration should identify problematic dietary patterns","invocations":1,"location":null,"numPassingAsserts":1,"retryReasons":[],"status":"failed","title":"should identify problematic dietary patterns"},{"ancestorTitles":["Phase 2 Advanced AI Integration","Advanced AI Features"],"duration":3,"failureDetails":[],"failureMessages":[],"fullName":"Phase 2 Advanced AI Integration Advanced AI Features should synthesize insights across all AI engines","invocations":1,"location":null,"numPassingAsserts":3,"retryReasons":[],"status":"passed","title":"should synthesize insights across all AI engines"},{"ancestorTitles":["Phase 2 Advanced AI Integration","Advanced AI Features"],"duration":3,"failureDetails":[{}],"failureMessages":["Error: expect(received).toMatch(expected)\n\nMatcher error: received value must be a string\n\nReceived has value: undefined\n    at Object.toMatch (/home/ubuntu/biospark-health-ai/__tests__/phase2-integration.test.ts:424:51)"],"fullName":"Phase 2 Advanced AI Integration Advanced AI Features should provide integrated risk assessment","invocations":1,"location":null,"numPassingAsserts":1,"retryReasons":[],"status":"failed","title":"should provide integrated risk assessment"},{"ancestorTitles":["Phase 2 Advanced AI Integration","Advanced AI Features"],"duration":3,"failureDetails":[],"failureMessages":[],"fullName":"Phase 2 Advanced AI Integration Advanced AI Features should create actionable follow-up schedule","invocations":1,"location":null,"numPassingAsserts":4,"retryReasons":[],"status":"passed","title":"should create actionable follow-up schedule"},{"ancestorTitles":["Phase 2 Advanced AI Integration","Advanced AI Features"],"duration":2,"failureDetails":[],"failureMessages":[],"fullName":"Phase 2 Advanced AI Integration Advanced AI Features should provide immediate actions for urgent cases","invocations":1,"location":null,"numPassingAsserts":4,"retryReasons":[],"status":"passed","title":"should provide immediate actions for urgent cases"},{"ancestorTitles":["Phase 2 Advanced AI Integration","Memory Integration and Context"],"duration":7,"failureDetails":[{"matcherResult":{"message":"expect(jest.fn()).toHaveBeenCalledWith(...expected)\n\nExpected: \"phase2-test-user\"\n\nNumber of calls: 0","pass":false}}],"failureMessages":["Error: expect(jest.fn()).toHaveBeenCalledWith(...expected)\n\nExpected: \"phase2-test-user\"\n\nNumber of calls: 0\n    at Object.toHaveBeenCalledWith (/home/ubuntu/biospark-health-ai/__tests__/phase2-integration.test.ts:475:52)"],"fullName":"Phase 2 Advanced AI Integration Memory Integration and Context should integrate health history into analysis","invocations":1,"location":null,"numPassingAsserts":0,"retryReasons":[],"status":"failed","title":"should integrate health history into analysis"},{"ancestorTitles":["Phase 2 Advanced AI Integration","Memory Integration and Context"],"duration":3,"failureDetails":[{"matcherResult":{"message":"expect(received).toBeGreaterThan(expected)\n\nExpected: > 0\nReceived:   0","pass":false}}],"failureMessages":["Error: expect(received).toBeGreaterThan(expected)\n\nExpected: > 0\nReceived:   0\n    at Object.toBeGreaterThan (/home/ubuntu/biospark-health-ai/__tests__/phase2-integration.test.ts:503:45)"],"fullName":"Phase 2 Advanced AI Integration Memory Integration and Context should consider user preferences in personalization","invocations":1,"location":null,"numPassingAsserts":0,"retryReasons":[],"status":"failed","title":"should consider user preferences in personalization"},{"ancestorTitles":["Phase 2 Advanced AI Integration","Memory Integration and Context"],"duration":2,"failureDetails":[],"failureMessages":[],"fullName":"Phase 2 Advanced AI Integration Memory Integration and Context should track health journey progression","invocations":1,"location":null,"numPassingAsserts":1,"retryReasons":[],"status":"passed","title":"should track health journey progression"},{"ancestorTitles":["Phase 2 Advanced AI Integration","Enterprise Quality and Compliance"],"duration":4,"failureDetails":[],"failureMessages":[],"fullName":"Phase 2 Advanced AI Integration Enterprise Quality and Compliance should maintain HIPAA compliance throughout analysis","invocations":1,"location":null,"numPassingAsserts":3,"retryReasons":[],"status":"passed","title":"should maintain HIPAA compliance throughout analysis"},{"ancestorTitles":["Phase 2 Advanced AI Integration","Enterprise Quality and Compliance"],"duration":2,"failureDetails":[],"failureMessages":[],"fullName":"Phase 2 Advanced AI Integration Enterprise Quality and Compliance should provide AI model version tracking","invocations":1,"location":null,"numPassingAsserts":5,"retryReasons":[],"status":"passed","title":"should provide AI model version tracking"},{"ancestorTitles":["Phase 2 Advanced AI Integration","Enterprise Quality and Compliance"],"duration":3,"failureDetails":[],"failureMessages":[],"fullName":"Phase 2 Advanced AI Integration Enterprise Quality and Compliance should maintain high confidence scores for quality assurance","invocations":1,"location":null,"numPassingAsserts":5,"retryReasons":[],"status":"passed","title":"should maintain high confidence scores for quality assurance"},{"ancestorTitles":["Phase 2 Advanced AI Integration","Enterprise Quality and Compliance"],"duration":4,"failureDetails":[],"failureMessages":[],"fullName":"Phase 2 Advanced AI Integration Enterprise Quality and Compliance should handle concurrent user requests efficiently","invocations":1,"location":null,"numPassingAsserts":10,"retryReasons":[],"status":"passed","title":"should handle concurrent user requests efficiently"},{"ancestorTitles":["Phase 2 Advanced AI Integration","Error Handling and Resilience"],"duration":2,"failureDetails":[],"failureMessages":[],"fullName":"Phase 2 Advanced AI Integration Error Handling and Resilience should handle partial AI engine failures gracefully","invocations":1,"location":null,"numPassingAsserts":3,"retryReasons":[],"status":"passed","title":"should handle partial AI engine failures gracefully"},{"ancestorTitles":["Phase 2 Advanced AI Integration","Error Handling and Resilience"],"duration":6,"failureDetails":[],"failureMessages":[],"fullName":"Phase 2 Advanced AI Integration Error Handling and Resilience should provide meaningful analysis with minimal data","invocations":1,"location":null,"numPassingAsserts":3,"retryReasons":[],"status":"passed","title":"should provide meaningful analysis with minimal data"},{"ancestorTitles":["Phase 2 Advanced AI Integration","Error Handling and Resilience"],"duration":3,"failureDetails":[],"failureMessages":[],"fullName":"Phase 2 Advanced AI Integration Error Handling and Resilience should maintain system health monitoring","invocations":1,"location":null,"numPassingAsserts":6,"retryReasons":[],"status":"passed","title":"should maintain system health monitoring"},{"ancestorTitles":["Phase 2 Performance Benchmarks"],"duration":3,"failureDetails":[{}],"failureMessages":["ReferenceError: comprehensiveHealthData is not defined\n    at Object.comprehensiveHealthData (/home/ubuntu/biospark-health-ai/__tests__/phase2-integration.test.ts:674:7)\n    at Promise.then.completed (/home/ubuntu/biospark-health-ai/node_modules/jest-circus/build/utils.js:298:28)\n    at new Promise (<anonymous>)\n    at callAsyncCircusFn (/home/ubuntu/biospark-health-ai/node_modules/jest-circus/build/utils.js:231:10)\n    at _callCircusTest (/home/ubuntu/biospark-health-ai/node_modules/jest-circus/build/run.js:316:40)\n    at _runTest (/home/ubuntu/biospark-health-ai/node_modules/jest-circus/build/run.js:252:3)\n    at _runTestsForDescribeBlock (/home/ubuntu/biospark-health-ai/node_modules/jest-circus/build/run.js:126:9)\n    at _runTestsForDescribeBlock (/home/ubuntu/biospark-health-ai/node_modules/jest-circus/build/run.js:121:9)\n    at run (/home/ubuntu/biospark-health-ai/node_modules/jest-circus/build/run.js:71:3)\n    at runAndTransformResultsToJestFormat (/home/ubuntu/biospark-health-ai/node_modules/jest-circus/build/legacy-code-todo-rewrite/jestAdapterInit.js:122:21)\n    at jestAdapter (/home/ubuntu/biospark-health-ai/node_modules/jest-circus/build/legacy-code-todo-rewrite/jestAdapter.js:79:19)\n    at runTestInternal (/home/ubuntu/biospark-health-ai/node_modules/jest-runner/build/runTest.js:367:16)\n    at runTest (/home/ubuntu/biospark-health-ai/node_modules/jest-runner/build/runTest.js:444:34)"],"fullName":"Phase 2 Performance Benchmarks should meet \"knock socks off\" performance standards","invocations":1,"location":null,"numPassingAsserts":0,"retryReasons":[],"status":"failed","title":"should meet \"knock socks off\" performance standards"},{"ancestorTitles":["Phase 2 Performance Benchmarks"],"duration":2,"failureDetails":[{}],"failureMessages":["ReferenceError: comprehensiveHealthData is not defined\n    at comprehensiveHealthData (/home/ubuntu/biospark-health-ai/__tests__/phase2-integration.test.ts:697:14)\n    at Array.map (<anonymous>)\n    at Object.map (/home/ubuntu/biospark-health-ai/__tests__/phase2-integration.test.ts:694:56)\n    at Promise.then.completed (/home/ubuntu/biospark-health-ai/node_modules/jest-circus/build/utils.js:298:28)\n    at new Promise (<anonymous>)\n    at callAsyncCircusFn (/home/ubuntu/biospark-health-ai/node_modules/jest-circus/build/utils.js:231:10)\n    at _callCircusTest (/home/ubuntu/biospark-health-ai/node_modules/jest-circus/build/run.js:316:40)\n    at _runTest (/home/ubuntu/biospark-health-ai/node_modules/jest-circus/build/run.js:252:3)\n    at _runTestsForDescribeBlock (/home/ubuntu/biospark-health-ai/node_modules/jest-circus/build/run.js:126:9)\n    at _runTestsForDescribeBlock (/home/ubuntu/biospark-health-ai/node_modules/jest-circus/build/run.js:121:9)\n    at run (/home/ubuntu/biospark-health-ai/node_modules/jest-circus/build/run.js:71:3)\n    at runAndTransformResultsToJestFormat (/home/ubuntu/biospark-health-ai/node_modules/jest-circus/build/legacy-code-todo-rewrite/jestAdapterInit.js:122:21)\n    at jestAdapter (/home/ubuntu/biospark-health-ai/node_modules/jest-circus/build/legacy-code-todo-rewrite/jestAdapter.js:79:19)\n    at runTestInternal (/home/ubuntu/biospark-health-ai/node_modules/jest-runner/build/runTest.js:367:16)\n    at runTest (/home/ubuntu/biospark-health-ai/node_modules/jest-runner/build/runTest.js:444:34)"],"fullName":"Phase 2 Performance Benchmarks should scale to enterprise load requirements","invocations":1,"location":null,"numPassingAsserts":0,"retryReasons":[],"status":"failed","title":"should scale to enterprise load requirements"}],"endTime":1753382695811,"message":"  ● Phase 2 Advanced AI Integration › Phase 2 System Integration › should generate comprehensive advanced health insights\n\n    expect(received).toBeDefined()\n\n    Received: undefined\n\n      292 |       \n      293 |       // Verify all AI components contributed\n    > 294 |       expect(insights.bioenergicsAnalysis).toBeDefined();\n          |                                            ^\n      295 |       expect(insights.patternAnalysis).toBeDefined();\n      296 |       expect(insights.personalizedPlan).toBeDefined();\n      297 |       expect(insights.enhancedMemoryContext).toBeDefined();\n\n      at Object.toBeDefined (__tests__/phase2-integration.test.ts:294:44)\n\n  ● Phase 2 Advanced AI Integration › Phase 2 System Integration › should meet Phase 2 performance benchmarks\n\n    expect(received).toBeGreaterThan(expected)\n\n    Expected: > 0.8\n    Received:   0.7250000000000001\n\n      319 |       expect(totalTime).toBeLessThan(5000); // 5 seconds max for comprehensive analysis\n      320 |       expect(insights.processingTime).toBeLessThan(5000);\n    > 321 |       expect(insights.confidenceScore).toBeGreaterThan(0.8); // High confidence required\n          |                                        ^\n      322 |     });\n      323 |   });\n      324 |\n\n      at Object.toBeGreaterThan (__tests__/phase2-integration.test.ts:321:40)\n\n  ● Phase 2 Advanced AI Integration › Ray Peat Bioenergetics Integration › should prioritize Ray Peat principles in recommendations\n\n    expect(received).toBeGreaterThan(expected)\n\n    Expected: > 2\n    Received:   0\n\n      358 |       );\n      359 |\n    > 360 |       expect(rayPeatRecommendations.length).toBeGreaterThan(2);\n          |                                             ^\n      361 |     });\n      362 |\n      363 |     test('should assess metabolic dysfunction severity correctly', async () => {\n\n      at Object.toBeGreaterThan (__tests__/phase2-integration.test.ts:360:45)\n\n  ● Phase 2 Advanced AI Integration › Ray Peat Bioenergetics Integration › should assess metabolic dysfunction severity correctly\n\n    expect(received).toMatch(expected)\n\n    Matcher error: received value must be a string\n\n    Received has value: undefined\n\n      369 |       // With low temp (97.2°F) and low pulse (65), score should reflect dysfunction\n      370 |       expect(insights.overallHealthScore).toBeLessThan(70);\n    > 371 |       expect(insights.riskAssessment.overallRisk).toMatch(/^(moderate|high)$/);\n          |                                                   ^\n      372 |     });\n      373 |\n      374 |     test('should identify problematic dietary patterns', async () => {\n\n      at Object.toMatch (__tests__/phase2-integration.test.ts:371:51)\n\n  ● Phase 2 Advanced AI Integration › Ray Peat Bioenergetics Integration › should identify problematic dietary patterns\n\n    expect(received).toBeGreaterThan(expected)\n\n    Expected: > 0\n    Received:   0\n\n      391 |       );\n      392 |       \n    > 393 |       expect(nutritionalRecommendations.length).toBeGreaterThan(0);\n          |                                                 ^\n      394 |     });\n      395 |   });\n      396 |\n\n      at Object.toBeGreaterThan (__tests__/phase2-integration.test.ts:393:49)\n\n  ● Phase 2 Advanced AI Integration › Advanced AI Features › should provide integrated risk assessment\n\n    expect(received).toMatch(expected)\n\n    Matcher error: received value must be a string\n\n    Received has value: undefined\n\n      422 |\n      423 |       expect(insights.riskAssessment).toBeDefined();\n    > 424 |       expect(insights.riskAssessment.overallRisk).toMatch(/^(low|moderate|high|critical)$/);\n          |                                                   ^\n      425 |       expect(insights.riskAssessment.riskFactors).toBeDefined();\n      426 |       expect(insights.riskAssessment.protectiveFactors).toBeDefined();\n      427 |       expect(insights.riskAssessment.interventionPriorities).toBeDefined();\n\n      at Object.toMatch (__tests__/phase2-integration.test.ts:424:51)\n\n  ● Phase 2 Advanced AI Integration › Memory Integration and Context › should integrate health history into analysis\n\n    expect(jest.fn()).toHaveBeenCalledWith(...expected)\n\n    Expected: \"phase2-test-user\"\n\n    Number of calls: 0\n\n      473 |\n      474 |       // Should have called memory functions\n    > 475 |       expect(mockMemoryManager.getRelevantContext).toHaveBeenCalledWith('phase2-test-user');\n          |                                                    ^\n      476 |       expect(mockMemoryManager.getUserHealthJourney).toHaveBeenCalledWith('phase2-test-user');\n      477 |       \n      478 |       // Should store comprehensive analysis\n\n      at Object.toHaveBeenCalledWith (__tests__/phase2-integration.test.ts:475:52)\n\n  ● Phase 2 Advanced AI Integration › Memory Integration and Context › should consider user preferences in personalization\n\n    expect(received).toBeGreaterThan(expected)\n\n    Expected: > 0\n    Received:   0\n\n      501 |       );\n      502 |       \n    > 503 |       expect(naturalRecommendations.length).toBeGreaterThan(0);\n          |                                             ^\n      504 |     });\n      505 |\n      506 |     test('should track health journey progression', async () => {\n\n      at Object.toBeGreaterThan (__tests__/phase2-integration.test.ts:503:45)\n\n  ● Phase 2 Performance Benchmarks › should meet \"knock socks off\" performance standards\n\n    ReferenceError: comprehensiveHealthData is not defined\n\n      672 |     const insights = await advancedHealthAI.generateAdvancedInsights(\n      673 |       'benchmark-user',\n    > 674 |       comprehensiveHealthData\n          |       ^\n      675 |     );\n      676 |     \n      677 |     const totalTime = Date.now() - startTime;\n\n      at Object.comprehensiveHealthData (__tests__/phase2-integration.test.ts:674:7)\n\n  ● Phase 2 Performance Benchmarks › should scale to enterprise load requirements\n\n    ReferenceError: comprehensiveHealthData is not defined\n\n      695 |       advancedHealthAI.generateAdvancedInsights(\n      696 |         `enterprise-user-${index}`,\n    > 697 |         { ...comprehensiveHealthData, userId: `enterprise-user-${index}` }\n          |              ^\n      698 |       )\n      699 |     );\n      700 |\n\n      at comprehensiveHealthData (__tests__/phase2-integration.test.ts:697:14)\n          at Array.map (<anonymous>)\n      at Object.map (__tests__/phase2-integration.test.ts:694:56)\n","name":"/home/ubuntu/biospark-health-ai/__tests__/phase2-integration.test.ts","startTime":1753382694997,"status":"failed","summary":""},{"assertionResults":[{"ancestorTitles":["Advanced Health AI Integration","System Initialization"],"duration":8,"failureDetails":[],"failureMessages":[],"fullName":"Advanced Health AI Integration System Initialization should initialize all AI engines successfully","invocations":1,"location":null,"numPassingAsserts":1,"retryReasons":[],"status":"passed","title":"should initialize all AI engines successfully"},{"ancestorTitles":["Advanced Health AI Integration","System Initialization"],"duration":1,"failureDetails":[],"failureMessages":[],"fullName":"Advanced Health AI Integration System Initialization should report healthy system status after initialization","invocations":1,"location":null,"numPassingAsserts":2,"retryReasons":[],"status":"passed","title":"should report healthy system status after initialization"},{"ancestorTitles":["Advanced Health AI Integration","Advanced Health Insights Generation"],"duration":4,"failureDetails":[],"failureMessages":[],"fullName":"Advanced Health AI Integration Advanced Health Insights Generation should generate comprehensive health insights","invocations":1,"location":null,"numPassingAsserts":7,"retryReasons":[],"status":"passed","title":"should generate comprehensive health insights"},{"ancestorTitles":["Advanced Health AI Integration","Advanced Health Insights Generation"],"duration":2,"failureDetails":[{"matcherResult":{"message":"expect(received).toBeDefined()\n\nReceived: undefined","pass":false}}],"failureMessages":["Error: expect(received).toBeDefined()\n\nReceived: undefined\n    at Object.toBeDefined (/home/ubuntu/biospark-health-ai/__tests__/ai/advanced-health-ai.test.ts:122:44)"],"fullName":"Advanced Health AI Integration Advanced Health Insights Generation should include all required analysis components","invocations":1,"location":null,"numPassingAsserts":0,"retryReasons":[],"status":"failed","title":"should include all required analysis components"},{"ancestorTitles":["Advanced Health AI Integration","Advanced Health Insights Generation"],"duration":3,"failureDetails":[{"matcherResult":{"message":"expect(received).toBeGreaterThan(expected)\n\nExpected: > 0\nReceived:   0","pass":false}}],"failureMessages":["Error: expect(received).toBeGreaterThan(expected)\n\nExpected: > 0\nReceived:   0\n    at Object.toBeGreaterThan (/home/ubuntu/biospark-health-ai/__tests__/ai/advanced-health-ai.test.ts:138:55)"],"fullName":"Advanced Health AI Integration Advanced Health Insights Generation should generate prioritized recommendations","invocations":1,"location":null,"numPassingAsserts":2,"retryReasons":[],"status":"failed","title":"should generate prioritized recommendations"},{"ancestorTitles":["Advanced Health AI Integration","Advanced Health Insights Generation"],"duration":3,"failureDetails":[],"failureMessages":[],"fullName":"Advanced Health AI Integration Advanced Health Insights Generation should create follow-up schedule","invocations":1,"location":null,"numPassingAsserts":4,"retryReasons":[],"status":"passed","title":"should create follow-up schedule"},{"ancestorTitles":["Advanced Health AI Integration","Advanced Health Insights Generation"],"duration":3,"failureDetails":[],"failureMessages":[],"fullName":"Advanced Health AI Integration Advanced Health Insights Generation should complete processing within performance target","invocations":1,"location":null,"numPassingAsserts":1,"retryReasons":[],"status":"passed","title":"should complete processing within performance target"},{"ancestorTitles":["Advanced Health AI Integration","Ray Peat Bioenergetics Integration"],"duration":8,"failureDetails":[{"matcherResult":{"message":"expect(received).toBeGreaterThan(expected)\n\nExpected: > 0\nReceived:   0","pass":false}}],"failureMessages":["Error: expect(received).toBeGreaterThan(expected)\n\nExpected: > 0\nReceived:   0\n    at Object.toBeGreaterThan (/home/ubuntu/biospark-health-ai/__tests__/ai/advanced-health-ai.test.ts:185:45)"],"fullName":"Advanced Health AI Integration Ray Peat Bioenergetics Integration should prioritize thyroid function in low temperature cases","invocations":1,"location":null,"numPassingAsserts":0,"retryReasons":[],"status":"failed","title":"should prioritize thyroid function in low temperature cases"},{"ancestorTitles":["Advanced Health AI Integration","Ray Peat Bioenergetics Integration"],"duration":3,"failureDetails":[],"failureMessages":[],"fullName":"Advanced Health AI Integration Ray Peat Bioenergetics Integration should identify metabolic dysfunction patterns","invocations":1,"location":null,"numPassingAsserts":1,"retryReasons":[],"status":"passed","title":"should identify metabolic dysfunction patterns"},{"ancestorTitles":["Advanced Health AI Integration","Ray Peat Bioenergetics Integration"],"duration":3,"failureDetails":[{}],"failureMessages":["Error: expect(received).toMatch(expected)\n\nMatcher error: received value must be a string\n\nReceived has value: undefined\n    at Object.toMatch (/home/ubuntu/biospark-health-ai/__tests__/ai/advanced-health-ai.test.ts:207:51)"],"fullName":"Advanced Health AI Integration Ray Peat Bioenergetics Integration should generate appropriate risk assessment","invocations":1,"location":null,"numPassingAsserts":0,"retryReasons":[],"status":"failed","title":"should generate appropriate risk assessment"},{"ancestorTitles":["Advanced Health AI Integration","Performance and Quality Metrics"],"duration":3,"failureDetails":[],"failureMessages":[],"fullName":"Advanced Health AI Integration Performance and Quality Metrics should maintain high confidence scores","invocations":1,"location":null,"numPassingAsserts":1,"retryReasons":[],"status":"passed","title":"should maintain high confidence scores"},{"ancestorTitles":["Advanced Health AI Integration","Performance and Quality Metrics"],"duration":3,"failureDetails":[],"failureMessages":[],"fullName":"Advanced Health AI Integration Performance and Quality Metrics should provide meaningful health scores","invocations":1,"location":null,"numPassingAsserts":2,"retryReasons":[],"status":"passed","title":"should provide meaningful health scores"},{"ancestorTitles":["Advanced Health AI Integration","Performance and Quality Metrics"],"duration":2,"failureDetails":[],"failureMessages":[],"fullName":"Advanced Health AI Integration Performance and Quality Metrics should store analysis results in memory","invocations":1,"location":null,"numPassingAsserts":1,"retryReasons":[],"status":"passed","title":"should store analysis results in memory"},{"ancestorTitles":["Advanced Health AI Integration","Error Handling and Resilience"],"duration":2,"failureDetails":[],"failureMessages":[],"fullName":"Advanced Health AI Integration Error Handling and Resilience should handle initialization failures gracefully","invocations":1,"location":null,"numPassingAsserts":1,"retryReasons":[],"status":"passed","title":"should handle initialization failures gracefully"},{"ancestorTitles":["Advanced Health AI Integration","Error Handling and Resilience"],"duration":2,"failureDetails":[],"failureMessages":[],"fullName":"Advanced Health AI Integration Error Handling and Resilience should handle missing health data gracefully","invocations":1,"location":null,"numPassingAsserts":2,"retryReasons":[],"status":"passed","title":"should handle missing health data gracefully"},{"ancestorTitles":["Advanced Health AI Integration","Error Handling and Resilience"],"duration":2,"failureDetails":[],"failureMessages":[],"fullName":"Advanced Health AI Integration Error Handling and Resilience should provide fallback recommendations when AI fails","invocations":1,"location":null,"numPassingAsserts":2,"retryReasons":[],"status":"passed","title":"should provide fallback recommendations when AI fails"},{"ancestorTitles":["Advanced Health AI Integration","Enterprise Quality Standards"],"duration":2,"failureDetails":[],"failureMessages":[],"fullName":"Advanced Health AI Integration Enterprise Quality Standards should include AI model version tracking","invocations":1,"location":null,"numPassingAsserts":5,"retryReasons":[],"status":"passed","title":"should include AI model version tracking"},{"ancestorTitles":["Advanced Health AI Integration","Enterprise Quality Standards"],"duration":7,"failureDetails":[],"failureMessages":[],"fullName":"Advanced Health AI Integration Enterprise Quality Standards should provide immediate actions for urgent cases","invocations":1,"location":null,"numPassingAsserts":2,"retryReasons":[],"status":"passed","title":"should provide immediate actions for urgent cases"},{"ancestorTitles":["Advanced Health AI Integration","Enterprise Quality Standards"],"duration":2,"failureDetails":[],"failureMessages":[],"fullName":"Advanced Health AI Integration Enterprise Quality Standards should include monitoring priorities","invocations":1,"location":null,"numPassingAsserts":2,"retryReasons":[],"status":"passed","title":"should include monitoring priorities"},{"ancestorTitles":["Advanced Health AI Integration","Integration Testing"],"duration":1,"failureDetails":[{"matcherResult":{"message":"expect(received).toBeDefined()\n\nReceived: undefined","pass":false}}],"failureMessages":["Error: expect(received).toBeDefined()\n\nReceived: undefined\n    at Object.toBeDefined (/home/ubuntu/biospark-health-ai/__tests__/ai/advanced-health-ai.test.ts:348:44)"],"fullName":"Advanced Health AI Integration Integration Testing should integrate all AI engines seamlessly","invocations":1,"location":null,"numPassingAsserts":0,"retryReasons":[],"status":"failed","title":"should integrate all AI engines seamlessly"},{"ancestorTitles":["Advanced Health AI Integration","Integration Testing"],"duration":2,"failureDetails":[],"failureMessages":[],"fullName":"Advanced Health AI Integration Integration Testing should maintain data consistency across components","invocations":1,"location":null,"numPassingAsserts":3,"retryReasons":[],"status":"passed","title":"should maintain data consistency across components"},{"ancestorTitles":["Advanced Health AI Performance Benchmarks"],"duration":1,"failureDetails":[{}],"failureMessages":["ReferenceError: mockHealthData is not defined\n    at Object.mockHealthData (/home/ubuntu/biospark-health-ai/__tests__/ai/advanced-health-ai.test.ts:391:7)\n    at Promise.then.completed (/home/ubuntu/biospark-health-ai/node_modules/jest-circus/build/utils.js:298:28)\n    at new Promise (<anonymous>)\n    at callAsyncCircusFn (/home/ubuntu/biospark-health-ai/node_modules/jest-circus/build/utils.js:231:10)\n    at _callCircusTest (/home/ubuntu/biospark-health-ai/node_modules/jest-circus/build/run.js:316:40)\n    at _runTest (/home/ubuntu/biospark-health-ai/node_modules/jest-circus/build/run.js:252:3)\n    at _runTestsForDescribeBlock (/home/ubuntu/biospark-health-ai/node_modules/jest-circus/build/run.js:126:9)\n    at _runTestsForDescribeBlock (/home/ubuntu/biospark-health-ai/node_modules/jest-circus/build/run.js:121:9)\n    at run (/home/ubuntu/biospark-health-ai/node_modules/jest-circus/build/run.js:71:3)\n    at runAndTransformResultsToJestFormat (/home/ubuntu/biospark-health-ai/node_modules/jest-circus/build/legacy-code-todo-rewrite/jestAdapterInit.js:122:21)\n    at jestAdapter (/home/ubuntu/biospark-health-ai/node_modules/jest-circus/build/legacy-code-todo-rewrite/jestAdapter.js:79:19)\n    at runTestInternal (/home/ubuntu/biospark-health-ai/node_modules/jest-runner/build/runTest.js:367:16)\n    at runTest (/home/ubuntu/biospark-health-ai/node_modules/jest-runner/build/runTest.js:444:34)"],"fullName":"Advanced Health AI Performance Benchmarks should meet enterprise performance benchmarks","invocations":1,"location":null,"numPassingAsserts":0,"retryReasons":[],"status":"failed","title":"should meet enterprise performance benchmarks"},{"ancestorTitles":["Advanced Health AI Performance Benchmarks"],"duration":1,"failureDetails":[{}],"failureMessages":["ReferenceError: mockHealthData is not defined\n    at mockHealthData (/home/ubuntu/biospark-health-ai/__tests__/ai/advanced-health-ai.test.ts:407:14)\n    at Array.map (<anonymous>)\n    at Object.map (/home/ubuntu/biospark-health-ai/__tests__/ai/advanced-health-ai.test.ts:404:52)\n    at Promise.then.completed (/home/ubuntu/biospark-health-ai/node_modules/jest-circus/build/utils.js:298:28)\n    at new Promise (<anonymous>)\n    at callAsyncCircusFn (/home/ubuntu/biospark-health-ai/node_modules/jest-circus/build/utils.js:231:10)\n    at _callCircusTest (/home/ubuntu/biospark-health-ai/node_modules/jest-circus/build/run.js:316:40)\n    at _runTest (/home/ubuntu/biospark-health-ai/node_modules/jest-circus/build/run.js:252:3)\n    at _runTestsForDescribeBlock (/home/ubuntu/biospark-health-ai/node_modules/jest-circus/build/run.js:126:9)\n    at _runTestsForDescribeBlock (/home/ubuntu/biospark-health-ai/node_modules/jest-circus/build/run.js:121:9)\n    at run (/home/ubuntu/biospark-health-ai/node_modules/jest-circus/build/run.js:71:3)\n    at runAndTransformResultsToJestFormat (/home/ubuntu/biospark-health-ai/node_modules/jest-circus/build/legacy-code-todo-rewrite/jestAdapterInit.js:122:21)\n    at jestAdapter (/home/ubuntu/biospark-health-ai/node_modules/jest-circus/build/legacy-code-todo-rewrite/jestAdapter.js:79:19)\n    at runTestInternal (/home/ubuntu/biospark-health-ai/node_modules/jest-runner/build/runTest.js:367:16)\n    at runTest (/home/ubuntu/biospark-health-ai/node_modules/jest-runner/build/runTest.js:444:34)"],"fullName":"Advanced Health AI Performance Benchmarks should handle concurrent requests efficiently","invocations":1,"location":null,"numPassingAsserts":0,"retryReasons":[],"status":"failed","title":"should handle concurrent requests efficiently"}],"endTime":1753382696259,"message":"  ● Advanced Health AI Integration › Advanced Health Insights Generation › should include all required analysis components\n\n    expect(received).toBeDefined()\n\n    Received: undefined\n\n      120 |       );\n      121 |\n    > 122 |       expect(insights.bioenergicsAnalysis).toBeDefined();\n          |                                            ^\n      123 |       expect(insights.patternAnalysis).toBeDefined();\n      124 |       expect(insights.personalizedPlan).toBeDefined();\n      125 |       expect(insights.enhancedMemoryContext).toBeDefined();\n\n      at Object.toBeDefined (__tests__/ai/advanced-health-ai.test.ts:122:44)\n\n  ● Advanced Health AI Integration › Advanced Health Insights Generation › should generate prioritized recommendations\n\n    expect(received).toBeGreaterThan(expected)\n\n    Expected: > 0\n    Received:   0\n\n      136 |       expect(insights.priorityRecommendations).toBeDefined();\n      137 |       expect(Array.isArray(insights.priorityRecommendations)).toBe(true);\n    > 138 |       expect(insights.priorityRecommendations.length).toBeGreaterThan(0);\n          |                                                       ^\n      139 |     });\n      140 |\n      141 |     test('should create follow-up schedule', async () => {\n\n      at Object.toBeGreaterThan (__tests__/ai/advanced-health-ai.test.ts:138:55)\n\n  ● Advanced Health AI Integration › Ray Peat Bioenergetics Integration › should prioritize thyroid function in low temperature cases\n\n    expect(received).toBeGreaterThan(expected)\n\n    Expected: > 0\n    Received:   0\n\n      183 |       );\n      184 |\n    > 185 |       expect(thyroidRecommendations.length).toBeGreaterThan(0);\n          |                                             ^\n      186 |     });\n      187 |\n      188 |     test('should identify metabolic dysfunction patterns', async () => {\n\n      at Object.toBeGreaterThan (__tests__/ai/advanced-health-ai.test.ts:185:45)\n\n  ● Advanced Health AI Integration › Ray Peat Bioenergetics Integration › should generate appropriate risk assessment\n\n    expect(received).toMatch(expected)\n\n    Matcher error: received value must be a string\n\n    Received has value: undefined\n\n      205 |       );\n      206 |\n    > 207 |       expect(insights.riskAssessment.overallRisk).toMatch(/^(low|moderate|high|critical)$/);\n          |                                                   ^\n      208 |       expect(insights.riskAssessment.interventionPriorities).toBeDefined();\n      209 |       expect(insights.riskAssessment.monitoringRequirements).toBeDefined();\n      210 |     });\n\n      at Object.toMatch (__tests__/ai/advanced-health-ai.test.ts:207:51)\n\n  ● Advanced Health AI Integration › Integration Testing › should integrate all AI engines seamlessly\n\n    expect(received).toBeDefined()\n\n    Received: undefined\n\n      346 |\n      347 |       // Verify all engines contributed to the analysis\n    > 348 |       expect(insights.bioenergicsAnalysis).toBeDefined();\n          |                                            ^\n      349 |       expect(insights.patternAnalysis).toBeDefined();\n      350 |       expect(insights.personalizedPlan).toBeDefined();\n      351 |       expect(insights.enhancedMemoryContext).toBeDefined();\n\n      at Object.toBeDefined (__tests__/ai/advanced-health-ai.test.ts:348:44)\n\n  ● Advanced Health AI Performance Benchmarks › should meet enterprise performance benchmarks\n\n    ReferenceError: mockHealthData is not defined\n\n      389 |     const insights = await advancedHealthAI.generateAdvancedInsights(\n      390 |       'test-user-123',\n    > 391 |       mockHealthData\n          |       ^\n      392 |     );\n      393 |     \n      394 |     const totalTime = Date.now() - startTime;\n\n      at Object.mockHealthData (__tests__/ai/advanced-health-ai.test.ts:391:7)\n\n  ● Advanced Health AI Performance Benchmarks › should handle concurrent requests efficiently\n\n    ReferenceError: mockHealthData is not defined\n\n      405 |       advancedHealthAI.generateAdvancedInsights(\n      406 |         `test-user-${index}`,\n    > 407 |         { ...mockHealthData, userId: `test-user-${index}` }\n          |              ^\n      408 |       )\n      409 |     );\n      410 |\n\n      at mockHealthData (__tests__/ai/advanced-health-ai.test.ts:407:14)\n          at Array.map (<anonymous>)\n      at Object.map (__tests__/ai/advanced-health-ai.test.ts:404:52)\n","name":"/home/ubuntu/biospark-health-ai/__tests__/ai/advanced-health-ai.test.ts","startTime":1753382695859,"status":"failed","summary":""},{"assertionResults":[{"ancestorTitles":["Bioenergetics AI Engine","Engine Initialization"],"duration":11,"failureDetails":[],"failureMessages":[],"fullName":"Bioenergetics AI Engine Engine Initialization should initialize successfully","invocations":1,"location":null,"numPassingAsserts":1,"retryReasons":[],"status":"passed","title":"should initialize successfully"},{"ancestorTitles":["Bioenergetics AI Engine","Engine Initialization"],"duration":3,"failureDetails":[],"failureMessages":[],"fullName":"Bioenergetics AI Engine Engine Initialization should auto-initialize on first analysis if not initialized","invocations":1,"location":null,"numPassingAsserts":2,"retryReasons":[],"status":"passed","title":"should auto-initialize on first analysis if not initialized"},{"ancestorTitles":["Bioenergetics AI Engine","Metabolic Health Analysis"],"duration":4,"failureDetails":[],"failureMessages":[],"fullName":"Bioenergetics AI Engine Metabolic Health Analysis should perform comprehensive bioenergetics analysis","invocations":1,"location":null,"numPassingAsserts":5,"retryReasons":[],"status":"passed","title":"should perform comprehensive bioenergetics analysis"},{"ancestorTitles":["Bioenergetics AI Engine","Metabolic Health Analysis"],"duration":2,"failureDetails":[],"failureMessages":[],"fullName":"Bioenergetics AI Engine Metabolic Health Analysis should analyze thyroid function according to Ray Peat principles","invocations":1,"location":null,"numPassingAsserts":5,"retryReasons":[],"status":"passed","title":"should analyze thyroid function according to Ray Peat principles"},{"ancestorTitles":["Bioenergetics AI Engine","Metabolic Health Analysis"],"duration":1,"failureDetails":[],"failureMessages":[],"fullName":"Bioenergetics AI Engine Metabolic Health Analysis should analyze glucose metabolism","invocations":1,"location":null,"numPassingAsserts":3,"retryReasons":[],"status":"passed","title":"should analyze glucose metabolism"},{"ancestorTitles":["Bioenergetics AI Engine","Metabolic Health Analysis"],"duration":2,"failureDetails":[],"failureMessages":[],"fullName":"Bioenergetics AI Engine Metabolic Health Analysis should analyze mitochondrial function","invocations":1,"location":null,"numPassingAsserts":3,"retryReasons":[],"status":"passed","title":"should analyze mitochondrial function"},{"ancestorTitles":["Bioenergetics AI Engine","Metabolic Health Analysis"],"duration":1,"failureDetails":[],"failureMessages":[],"fullName":"Bioenergetics AI Engine Metabolic Health Analysis should analyze hormonal balance","invocations":1,"location":null,"numPassingAsserts":3,"retryReasons":[],"status":"passed","title":"should analyze hormonal balance"},{"ancestorTitles":["Bioenergetics AI Engine","Metabolic Health Analysis"],"duration":1,"failureDetails":[],"failureMessages":[],"fullName":"Bioenergetics AI Engine Metabolic Health Analysis should generate integrated recommendations","invocations":1,"location":null,"numPassingAsserts":3,"retryReasons":[],"status":"passed","title":"should generate integrated recommendations"},{"ancestorTitles":["Bioenergetics AI Engine","Metabolic Health Analysis"],"duration":2,"failureDetails":[],"failureMessages":[],"fullName":"Bioenergetics AI Engine Metabolic Health Analysis should prioritize interventions appropriately","invocations":1,"location":null,"numPassingAsserts":3,"retryReasons":[],"status":"passed","title":"should prioritize interventions appropriately"},{"ancestorTitles":["Bioenergetics AI Engine","Metabolic Health Analysis"],"duration":1,"failureDetails":[],"failureMessages":[],"fullName":"Bioenergetics AI Engine Metabolic Health Analysis should create monitoring plan","invocations":1,"location":null,"numPassingAsserts":5,"retryReasons":[],"status":"passed","title":"should create monitoring plan"},{"ancestorTitles":["Bioenergetics AI Engine","Ray Peat Bioenergetics Principles"],"duration":2,"failureDetails":[],"failureMessages":[],"fullName":"Bioenergetics AI Engine Ray Peat Bioenergetics Principles should prioritize body temperature in assessment","invocations":1,"location":null,"numPassingAsserts":2,"retryReasons":[],"status":"passed","title":"should prioritize body temperature in assessment"},{"ancestorTitles":["Bioenergetics AI Engine","Ray Peat Bioenergetics Principles"],"duration":1,"failureDetails":[{"matcherResult":{"actual":0,"expected":55,"message":"expect(received).toBe(expected) // Object.is equality\n\nExpected: 55\nReceived: 0","name":"toBe","pass":false}}],"failureMessages":["Error: expect(received).toBe(expected) // Object.is equality\n\nExpected: 55\nReceived: 0\n    at Object.toBe (/home/ubuntu/biospark-health-ai/__tests__/ai/bioenergetics-engine.test.ts:261:50)"],"fullName":"Bioenergetics AI Engine Ray Peat Bioenergetics Principles should assess pulse rate significance","invocations":1,"location":null,"numPassingAsserts":0,"retryReasons":[],"status":"failed","title":"should assess pulse rate significance"},{"ancestorTitles":["Bioenergetics AI Engine","Ray Peat Bioenergetics Principles"],"duration":1,"failureDetails":[],"failureMessages":[],"fullName":"Bioenergetics AI Engine Ray Peat Bioenergetics Principles should evaluate metabolic rate holistically","invocations":1,"location":null,"numPassingAsserts":2,"retryReasons":[],"status":"passed","title":"should evaluate metabolic rate holistically"},{"ancestorTitles":["Bioenergetics AI Engine","Ray Peat Bioenergetics Principles"],"duration":1,"failureDetails":[],"failureMessages":[],"fullName":"Bioenergetics AI Engine Ray Peat Bioenergetics Principles should provide pro-metabolic recommendations","invocations":1,"location":null,"numPassingAsserts":1,"retryReasons":[],"status":"passed","title":"should provide pro-metabolic recommendations"},{"ancestorTitles":["Bioenergetics AI Engine","Performance and Quality"],"duration":1,"failureDetails":[],"failureMessages":[],"fullName":"Bioenergetics AI Engine Performance and Quality should complete analysis within performance target","invocations":1,"location":null,"numPassingAsserts":2,"retryReasons":[],"status":"passed","title":"should complete analysis within performance target"},{"ancestorTitles":["Bioenergetics AI Engine","Performance and Quality"],"duration":1,"failureDetails":[],"failureMessages":[],"fullName":"Bioenergetics AI Engine Performance and Quality should store analysis in memory","invocations":1,"location":null,"numPassingAsserts":1,"retryReasons":[],"status":"passed","title":"should store analysis in memory"},{"ancestorTitles":["Bioenergetics AI Engine","Performance and Quality"],"duration":7,"failureDetails":[],"failureMessages":[],"fullName":"Bioenergetics AI Engine Performance and Quality should handle missing lab data gracefully","invocations":1,"location":null,"numPassingAsserts":3,"retryReasons":[],"status":"passed","title":"should handle missing lab data gracefully"},{"ancestorTitles":["Bioenergetics AI Engine","Performance and Quality"],"duration":1,"failureDetails":[],"failureMessages":[],"fullName":"Bioenergetics AI Engine Performance and Quality should provide meaningful metabolic scores","invocations":1,"location":null,"numPassingAsserts":3,"retryReasons":[],"status":"passed","title":"should provide meaningful metabolic scores"},{"ancestorTitles":["Bioenergetics AI Engine","Error Handling"],"duration":1,"failureDetails":[{"message":"expect(received).rejects.toThrow()\n\nReceived promise resolved instead of rejected\nResolved to value: undefined"}],"failureMessages":["Error: expect(received).rejects.toThrow()\n\nReceived promise resolved instead of rejected\nResolved to value: undefined\n    at expect (/home/ubuntu/biospark-health-ai/node_modules/expect/build/index.js:113:15)\n    at Object.expect (/home/ubuntu/biospark-health-ai/__tests__/ai/bioenergetics-engine.test.ts:364:13)\n    at Promise.then.completed (/home/ubuntu/biospark-health-ai/node_modules/jest-circus/build/utils.js:298:28)\n    at new Promise (<anonymous>)\n    at callAsyncCircusFn (/home/ubuntu/biospark-health-ai/node_modules/jest-circus/build/utils.js:231:10)\n    at _callCircusTest (/home/ubuntu/biospark-health-ai/node_modules/jest-circus/build/run.js:316:40)\n    at _runTest (/home/ubuntu/biospark-health-ai/node_modules/jest-circus/build/run.js:252:3)\n    at _runTestsForDescribeBlock (/home/ubuntu/biospark-health-ai/node_modules/jest-circus/build/run.js:126:9)\n    at _runTestsForDescribeBlock (/home/ubuntu/biospark-health-ai/node_modules/jest-circus/build/run.js:121:9)\n    at _runTestsForDescribeBlock (/home/ubuntu/biospark-health-ai/node_modules/jest-circus/build/run.js:121:9)\n    at run (/home/ubuntu/biospark-health-ai/node_modules/jest-circus/build/run.js:71:3)\n    at runAndTransformResultsToJestFormat (/home/ubuntu/biospark-health-ai/node_modules/jest-circus/build/legacy-code-todo-rewrite/jestAdapterInit.js:122:21)\n    at jestAdapter (/home/ubuntu/biospark-health-ai/node_modules/jest-circus/build/legacy-code-todo-rewrite/jestAdapter.js:79:19)\n    at runTestInternal (/home/ubuntu/biospark-health-ai/node_modules/jest-runner/build/runTest.js:367:16)\n    at runTest (/home/ubuntu/biospark-health-ai/node_modules/jest-runner/build/runTest.js:444:34)"],"fullName":"Bioenergetics AI Engine Error Handling should handle OpenAI API failures gracefully","invocations":1,"location":null,"numPassingAsserts":0,"retryReasons":[],"status":"failed","title":"should handle OpenAI API failures gracefully"},{"ancestorTitles":["Bioenergetics AI Engine","Error Handling"],"duration":1,"failureDetails":[],"failureMessages":[],"fullName":"Bioenergetics AI Engine Error Handling should handle malformed health data","invocations":1,"location":null,"numPassingAsserts":2,"retryReasons":[],"status":"passed","title":"should handle malformed health data"},{"ancestorTitles":["Bioenergetics AI Engine","Error Handling"],"duration":2,"failureDetails":[],"failureMessages":[],"fullName":"Bioenergetics AI Engine Error Handling should provide fallback recommendations when AI parsing fails","invocations":1,"location":null,"numPassingAsserts":2,"retryReasons":[],"status":"passed","title":"should provide fallback recommendations when AI parsing fails"},{"ancestorTitles":["Bioenergetics AI Engine","HIPAA Compliance"],"duration":1,"failureDetails":[],"failureMessages":[],"fullName":"Bioenergetics AI Engine HIPAA Compliance should not log sensitive health data","invocations":1,"location":null,"numPassingAsserts":3,"retryReasons":[],"status":"passed","title":"should not log sensitive health data"},{"ancestorTitles":["Bioenergetics AI Engine","HIPAA Compliance"],"duration":1,"failureDetails":[],"failureMessages":[],"fullName":"Bioenergetics AI Engine HIPAA Compliance should handle user data securely","invocations":1,"location":null,"numPassingAsserts":2,"retryReasons":[],"status":"passed","title":"should handle user data securely"},{"ancestorTitles":["Bioenergetics Engine Integration"],"duration":1,"failureDetails":[{}],"failureMessages":["ReferenceError: mockHealthData is not defined\n    at Object.mockHealthData (/home/ubuntu/biospark-health-ai/__tests__/ai/bioenergetics-engine.test.ts:458:7)\n    at Promise.then.completed (/home/ubuntu/biospark-health-ai/node_modules/jest-circus/build/utils.js:298:28)\n    at new Promise (<anonymous>)\n    at callAsyncCircusFn (/home/ubuntu/biospark-health-ai/node_modules/jest-circus/build/utils.js:231:10)\n    at _callCircusTest (/home/ubuntu/biospark-health-ai/node_modules/jest-circus/build/run.js:316:40)\n    at _runTest (/home/ubuntu/biospark-health-ai/node_modules/jest-circus/build/run.js:252:3)\n    at _runTestsForDescribeBlock (/home/ubuntu/biospark-health-ai/node_modules/jest-circus/build/run.js:126:9)\n    at _runTestsForDescribeBlock (/home/ubuntu/biospark-health-ai/node_modules/jest-circus/build/run.js:121:9)\n    at run (/home/ubuntu/biospark-health-ai/node_modules/jest-circus/build/run.js:71:3)\n    at runAndTransformResultsToJestFormat (/home/ubuntu/biospark-health-ai/node_modules/jest-circus/build/legacy-code-todo-rewrite/jestAdapterInit.js:122:21)\n    at jestAdapter (/home/ubuntu/biospark-health-ai/node_modules/jest-circus/build/legacy-code-todo-rewrite/jestAdapter.js:79:19)\n    at runTestInternal (/home/ubuntu/biospark-health-ai/node_modules/jest-runner/build/runTest.js:367:16)\n    at runTest (/home/ubuntu/biospark-health-ai/node_modules/jest-runner/build/runTest.js:444:34)"],"fullName":"Bioenergetics Engine Integration should integrate health history into analysis","invocations":1,"location":null,"numPassingAsserts":0,"retryReasons":[],"status":"failed","title":"should integrate health history into analysis"},{"ancestorTitles":["Bioenergetics Engine Integration"],"duration":1,"failureDetails":[{}],"failureMessages":["ReferenceError: mockHealthData is not defined\n    at Object.mockHealthData (/home/ubuntu/biospark-health-ai/__tests__/ai/bioenergetics-engine.test.ts:469:7)\n    at Promise.then.completed (/home/ubuntu/biospark-health-ai/node_modules/jest-circus/build/utils.js:298:28)\n    at new Promise (<anonymous>)\n    at callAsyncCircusFn (/home/ubuntu/biospark-health-ai/node_modules/jest-circus/build/utils.js:231:10)\n    at _callCircusTest (/home/ubuntu/biospark-health-ai/node_modules/jest-circus/build/run.js:316:40)\n    at _runTest (/home/ubuntu/biospark-health-ai/node_modules/jest-circus/build/run.js:252:3)\n    at _runTestsForDescribeBlock (/home/ubuntu/biospark-health-ai/node_modules/jest-circus/build/run.js:126:9)\n    at _runTestsForDescribeBlock (/home/ubuntu/biospark-health-ai/node_modules/jest-circus/build/run.js:121:9)\n    at run (/home/ubuntu/biospark-health-ai/node_modules/jest-circus/build/run.js:71:3)\n    at runAndTransformResultsToJestFormat (/home/ubuntu/biospark-health-ai/node_modules/jest-circus/build/legacy-code-todo-rewrite/jestAdapterInit.js:122:21)\n    at jestAdapter (/home/ubuntu/biospark-health-ai/node_modules/jest-circus/build/legacy-code-todo-rewrite/jestAdapter.js:79:19)\n    at runTestInternal (/home/ubuntu/biospark-health-ai/node_modules/jest-runner/build/runTest.js:367:16)\n    at runTest (/home/ubuntu/biospark-health-ai/node_modules/jest-runner/build/runTest.js:444:34)"],"fullName":"Bioenergetics Engine Integration should consider user preferences in recommendations","invocations":1,"location":null,"numPassingAsserts":0,"retryReasons":[],"status":"failed","title":"should consider user preferences in recommendations"}],"endTime":1753382696678,"message":"  ● Bioenergetics AI Engine › Ray Peat Bioenergetics Principles › should assess pulse rate significance\n\n    expect(received).toBe(expected) // Object.is equality\n\n    Expected: 55\n    Received: 0\n\n      259 |       );\n      260 |\n    > 261 |       expect(analysis.thyroidFunction.pulseRate).toBe(55);\n          |                                                  ^\n      262 |       expect(analysis.metabolicScore).toBeLessThan(75); // Low pulse should impact score\n      263 |     });\n      264 |\n\n      at Object.toBe (__tests__/ai/bioenergetics-engine.test.ts:261:50)\n\n  ● Bioenergetics AI Engine › Error Handling › should handle OpenAI API failures gracefully\n\n    expect(received).rejects.toThrow()\n\n    Received promise resolved instead of rejected\n    Resolved to value: undefined\n\n      362 |       const failingEngine = new BioenergicsAIEngine('invalid-key', mockMemoryManager);\n      363 |       \n    > 364 |       await expect(failingEngine.initialize()).rejects.toThrow();\n          |             ^\n      365 |     });\n      366 |\n      367 |     test('should handle malformed health data', async () => {\n\n      at expect (node_modules/expect/build/index.js:113:15)\n      at Object.expect (__tests__/ai/bioenergetics-engine.test.ts:364:13)\n\n  ● Bioenergetics Engine Integration › should integrate health history into analysis\n\n    ReferenceError: mockHealthData is not defined\n\n      456 |     const analysis = await bioenergicsEngine.analyzeMetabolicHealth(\n      457 |       'test-user-123',\n    > 458 |       mockHealthData\n          |       ^\n      459 |     );\n      460 |\n      461 |     expect(mockMemoryManager.getRelevantContext).toHaveBeenCalledWith('test-user-123');\n\n      at Object.mockHealthData (__tests__/ai/bioenergetics-engine.test.ts:458:7)\n\n  ● Bioenergetics Engine Integration › should consider user preferences in recommendations\n\n    ReferenceError: mockHealthData is not defined\n\n      467 |     const analysis = await bioenergicsEngine.analyzeMetabolicHealth(\n      468 |       'test-user-123',\n    > 469 |       mockHealthData\n          |       ^\n      470 |     );\n      471 |\n      472 |     // Should include thyroid-focused recommendations based on preferences\n\n      at Object.mockHealthData (__tests__/ai/bioenergetics-engine.test.ts:469:7)\n","name":"/home/ubuntu/biospark-health-ai/__tests__/ai/bioenergetics-engine.test.ts","startTime":1753382696324,"status":"failed","summary":""},{"assertionResults":[{"ancestorTitles":["Zep Context Management","getIntelligentContext"],"duration":2,"failureDetails":[{}],"failureMessages":["Error: expect(received).toHaveLength(expected)\n\nMatcher error: received value must have a length property whose value must be a number\n\nReceived has value: undefined\n    at Object.toHaveLength (/home/ubuntu/biospark-health-ai/__tests__/memory/context.test.ts:54:44)"],"fullName":"Zep Context Management getIntelligentContext should retrieve comprehensive health context","invocations":1,"location":null,"numPassingAsserts":2,"retryReasons":[],"status":"failed","title":"should retrieve comprehensive health context"},{"ancestorTitles":["Zep Context Management","getIntelligentContext"],"duration":1,"failureDetails":[{"matcherResult":{"message":"expect(jest.fn()).toHaveBeenCalled()\n\nExpected number of calls: >= 1\nReceived number of calls:    0","pass":false}}],"failureMessages":["Error: expect(jest.fn()).toHaveBeenCalled()\n\nExpected number of calls: >= 1\nReceived number of calls:    0\n    at Object.toHaveBeenCalled (/home/ubuntu/biospark-health-ai/__tests__/memory/context.test.ts:78:31)"],"fullName":"Zep Context Management getIntelligentContext should handle context summarization for long content","invocations":1,"location":null,"numPassingAsserts":0,"retryReasons":[],"status":"failed","title":"should handle context summarization for long content"},{"ancestorTitles":["Zep Context Management","updateConversationContext"],"duration":1,"failureDetails":[{"matcherResult":{"message":"expect(jest.fn()).toHaveBeenCalledWith(...expected)\n\nExpected: \"test-session-456\", ObjectContaining {\"messages\": ArrayContaining [ObjectContaining {\"content\": \"What do my lab results mean?\", \"role\": \"user\"}, ObjectContaining {\"content\": \"Your results show good overall health with some areas for improvement.\", \"role\": \"assistant\"}]}\n\nNumber of calls: 0","pass":false}}],"failureMessages":["Error: expect(jest.fn()).toHaveBeenCalledWith(...expected)\n\nExpected: \"test-session-456\", ObjectContaining {\"messages\": ArrayContaining [ObjectContaining {\"content\": \"What do my lab results mean?\", \"role\": \"user\"}, ObjectContaining {\"content\": \"Your results show good overall health with some areas for improvement.\", \"role\": \"assistant\"}]}\n\nNumber of calls: 0\n    at Object.toHaveBeenCalledWith (/home/ubuntu/biospark-health-ai/__tests__/memory/context.test.ts:97:36)"],"fullName":"Zep Context Management updateConversationContext should store conversation messages successfully","invocations":1,"location":null,"numPassingAsserts":1,"retryReasons":[],"status":"failed","title":"should store conversation messages successfully"}],"endTime":1753382696990,"message":"  ● Zep Context Management › getIntelligentContext › should retrieve comprehensive health context\n\n    expect(received).toHaveLength(expected)\n\n    Matcher error: received value must have a length property whose value must be a number\n\n    Received has value: undefined\n\n      52 |       expect(result.success).toBe(true);\n      53 |       expect(result.data?.userId).toBe(mockUserId);\n    > 54 |       expect(result.data?.relevantHistory).toHaveLength(1);\n         |                                            ^\n      55 |       expect(result.data?.userPreferences.focusAreas).toContain('cardiovascular');\n      56 |       expect(result.data?.healthGoals).toContain('Improve heart health');\n      57 |     });\n\n      at Object.toHaveLength (__tests__/memory/context.test.ts:54:44)\n\n  ● Zep Context Management › getIntelligentContext › should handle context summarization for long content\n\n    expect(jest.fn()).toHaveBeenCalled()\n\n    Expected number of calls: >= 1\n    Received number of calls:    0\n\n      76 |       );\n      77 |\n    > 78 |       expect(summarizeMemory).toHaveBeenCalled();\n         |                               ^\n      79 |       expect(result.data?.conversationSummary).toBe('Summarized content');\n      80 |     });\n      81 |   });\n\n      at Object.toHaveBeenCalled (__tests__/memory/context.test.ts:78:31)\n\n  ● Zep Context Management › updateConversationContext › should store conversation messages successfully\n\n    expect(jest.fn()).toHaveBeenCalledWith(...expected)\n\n    Expected: \"test-session-456\", ObjectContaining {\"messages\": ArrayContaining [ObjectContaining {\"content\": \"What do my lab results mean?\", \"role\": \"user\"}, ObjectContaining {\"content\": \"Your results show good overall health with some areas for improvement.\", \"role\": \"assistant\"}]}\n\n    Number of calls: 0\n\n       95 |\n       96 |       expect(result.success).toBe(true);\n    >  97 |       expect(zepClient.memory.add).toHaveBeenCalledWith(\n          |                                    ^\n       98 |         mockSessionId,\n       99 |         expect.objectContaining({\n      100 |           messages: expect.arrayContaining([\n\n      at Object.toHaveBeenCalledWith (__tests__/memory/context.test.ts:97:36)\n","name":"/home/ubuntu/biospark-health-ai/__tests__/memory/context.test.ts","startTime":1753382696700,"status":"failed","summary":""},{"assertionResults":[{"ancestorTitles":["Memory Performance & Caching","Memory Cache"],"duration":2,"failureDetails":[],"failureMessages":[],"fullName":"Memory Performance & Caching Memory Cache should cache and retrieve data correctly","invocations":1,"location":null,"numPassingAsserts":1,"retryReasons":[],"status":"passed","title":"should cache and retrieve data correctly"},{"ancestorTitles":["Memory Performance & Caching","Memory Cache"],"duration":150,"failureDetails":[],"failureMessages":[],"fullName":"Memory Performance & Caching Memory Cache should respect TTL and expire data","invocations":1,"location":null,"numPassingAsserts":2,"retryReasons":[],"status":"passed","title":"should respect TTL and expire data"},{"ancestorTitles":["Memory Performance & Caching","Memory Cache"],"duration":0,"failureDetails":[],"failureMessages":[],"fullName":"Memory Performance & Caching Memory Cache should implement LRU eviction when cache is full","invocations":1,"location":null,"numPassingAsserts":2,"retryReasons":[],"status":"passed","title":"should implement LRU eviction when cache is full"},{"ancestorTitles":["Memory Performance & Caching","withCache wrapper"],"duration":1,"failureDetails":[],"failureMessages":[],"fullName":"Memory Performance & Caching withCache wrapper should cache operation results","invocations":1,"location":null,"numPassingAsserts":4,"retryReasons":[],"status":"passed","title":"should cache operation results"},{"ancestorTitles":["Memory Performance & Caching","withCache wrapper"],"duration":8,"failureDetails":[],"failureMessages":[],"fullName":"Memory Performance & Caching withCache wrapper should handle operation failures gracefully","invocations":1,"location":null,"numPassingAsserts":3,"retryReasons":[],"status":"passed","title":"should handle operation failures gracefully"},{"ancestorTitles":["Memory Performance & Caching","Performance Requirements"],"duration":0,"failureDetails":[],"failureMessages":[],"fullName":"Memory Performance & Caching Performance Requirements should meet <50ms response time requirement for cached operations","invocations":1,"location":null,"numPassingAsserts":2,"retryReasons":[],"status":"passed","title":"should meet <50ms response time requirement for cached operations"},{"ancestorTitles":["Memory Performance & Caching","Performance Requirements"],"duration":11,"failureDetails":[],"failureMessages":[],"fullName":"Memory Performance & Caching Performance Requirements should handle concurrent cache operations","invocations":1,"location":null,"numPassingAsserts":10,"retryReasons":[],"status":"passed","title":"should handle concurrent cache operations"},{"ancestorTitles":["Memory Performance & Caching","Cache Statistics"],"duration":1,"failureDetails":[],"failureMessages":[],"fullName":"Memory Performance & Caching Cache Statistics should provide cache statistics","invocations":1,"location":null,"numPassingAsserts":3,"retryReasons":[],"status":"passed","title":"should provide cache statistics"}],"endTime":1753382697437,"message":"","name":"/home/ubuntu/biospark-health-ai/__tests__/memory/performance.test.ts","startTime":1753382696994,"status":"passed","summary":""},{"assertionResults":[{"ancestorTitles":["BMAD Phase 1 Integration Tests","Memory-Enhanced Health Analysis"],"duration":7,"failureDetails":[],"failureMessages":[],"fullName":"BMAD Phase 1 Integration Tests Memory-Enhanced Health Analysis should generate memory-aware insights successfully","invocations":1,"location":null,"numPassingAsserts":9,"retryReasons":[],"status":"passed","title":"should generate memory-aware insights successfully"},{"ancestorTitles":["BMAD Phase 1 Integration Tests","Memory-Enhanced Health Analysis"],"duration":24,"failureDetails":[],"failureMessages":[],"fullName":"BMAD Phase 1 Integration Tests Memory-Enhanced Health Analysis should handle memory retrieval failures gracefully","invocations":1,"location":null,"numPassingAsserts":3,"retryReasons":[],"status":"passed","title":"should handle memory retrieval failures gracefully"},{"ancestorTitles":["BMAD Phase 1 Integration Tests","Memory-Enhanced Health Analysis"],"duration":1,"failureDetails":[],"failureMessages":[],"fullName":"BMAD Phase 1 Integration Tests Memory-Enhanced Health Analysis should analyze engagement patterns correctly","invocations":1,"location":null,"numPassingAsserts":2,"retryReasons":[],"status":"passed","title":"should analyze engagement patterns correctly"},{"ancestorTitles":["BMAD Phase 1 Integration Tests","Progressive Disclosure Integration"],"duration":1,"failureDetails":[],"failureMessages":[],"fullName":"BMAD Phase 1 Integration Tests Progressive Disclosure Integration should track layer navigation correctly","invocations":1,"location":null,"numPassingAsserts":3,"retryReasons":[],"status":"passed","title":"should track layer navigation correctly"},{"ancestorTitles":["BMAD Phase 1 Integration Tests","Progressive Disclosure Integration"],"duration":1,"failureDetails":[],"failureMessages":[],"fullName":"BMAD Phase 1 Integration Tests Progressive Disclosure Integration should calculate engagement scores accurately","invocations":1,"location":null,"numPassingAsserts":2,"retryReasons":[],"status":"passed","title":"should calculate engagement scores accurately"},{"ancestorTitles":["BMAD Phase 1 Integration Tests","Memory Personalization"],"duration":0,"failureDetails":[],"failureMessages":[],"fullName":"BMAD Phase 1 Integration Tests Memory Personalization should generate personalized insights based on user history","invocations":1,"location":null,"numPassingAsserts":2,"retryReasons":[],"status":"passed","title":"should generate personalized insights based on user history"},{"ancestorTitles":["BMAD Phase 1 Integration Tests","Memory Personalization"],"duration":1,"failureDetails":[],"failureMessages":[],"fullName":"BMAD Phase 1 Integration Tests Memory Personalization should predict engagement patterns accurately","invocations":1,"location":null,"numPassingAsserts":2,"retryReasons":[],"status":"passed","title":"should predict engagement patterns accurately"},{"ancestorTitles":["BMAD Phase 1 Integration Tests","Database Integration"],"duration":1,"failureDetails":[],"failureMessages":[],"fullName":"BMAD Phase 1 Integration Tests Database Integration should create health assessment with memory enhancement","invocations":1,"location":null,"numPassingAsserts":3,"retryReasons":[],"status":"passed","title":"should create health assessment with memory enhancement"},{"ancestorTitles":["BMAD Phase 1 Integration Tests","Database Integration"],"duration":4,"failureDetails":[],"failureMessages":[],"fullName":"BMAD Phase 1 Integration Tests Database Integration should update user memory preferences automatically","invocations":1,"location":null,"numPassingAsserts":2,"retryReasons":[],"status":"passed","title":"should update user memory preferences automatically"},{"ancestorTitles":["BMAD Phase 1 Integration Tests","API Integration"],"duration":1,"failureDetails":[],"failureMessages":[],"fullName":"BMAD Phase 1 Integration Tests API Integration should handle memory-enhanced analysis API requests","invocations":1,"location":null,"numPassingAsserts":2,"retryReasons":[],"status":"passed","title":"should handle memory-enhanced analysis API requests"},{"ancestorTitles":["BMAD Phase 1 Integration Tests","API Integration"],"duration":1,"failureDetails":[],"failureMessages":[],"fullName":"BMAD Phase 1 Integration Tests API Integration should handle engagement tracking API requests","invocations":1,"location":null,"numPassingAsserts":2,"retryReasons":[],"status":"passed","title":"should handle engagement tracking API requests"},{"ancestorTitles":["BMAD Phase 1 Integration Tests","Error Handling & Resilience"],"duration":5,"failureDetails":[],"failureMessages":[],"fullName":"BMAD Phase 1 Integration Tests Error Handling & Resilience should handle Zep API failures gracefully","invocations":1,"location":null,"numPassingAsserts":1,"retryReasons":[],"status":"passed","title":"should handle Zep API failures gracefully"},{"ancestorTitles":["BMAD Phase 1 Integration Tests","Error Handling & Resilience"],"duration":1,"failureDetails":[],"failureMessages":[],"fullName":"BMAD Phase 1 Integration Tests Error Handling & Resilience should provide fallback when memory enhancement fails","invocations":1,"location":null,"numPassingAsserts":3,"retryReasons":[],"status":"passed","title":"should provide fallback when memory enhancement fails"},{"ancestorTitles":["BMAD Phase 1 Integration Tests","Performance & Scalability"],"duration":3,"failureDetails":[],"failureMessages":[],"fullName":"BMAD Phase 1 Integration Tests Performance & Scalability should handle concurrent analysis requests","invocations":1,"location":null,"numPassingAsserts":31,"retryReasons":[],"status":"passed","title":"should handle concurrent analysis requests"},{"ancestorTitles":["BMAD Phase 1 Integration Tests","Performance & Scalability"],"duration":1,"failureDetails":[],"failureMessages":[],"fullName":"BMAD Phase 1 Integration Tests Performance & Scalability should limit memory search results appropriately","invocations":1,"location":null,"numPassingAsserts":2,"retryReasons":[],"status":"passed","title":"should limit memory search results appropriately"}],"endTime":1753382697895,"message":"","name":"/home/ubuntu/biospark-health-ai/tests/phase1-integration.test.ts","startTime":1753382697442,"status":"passed","summary":""},{"assertionResults":[{"ancestorTitles":["Zep Integration Tests","ZepClient"],"duration":5,"failureDetails":[],"failureMessages":[],"fullName":"Zep Integration Tests ZepClient should create user session successfully","invocations":1,"location":null,"numPassingAsserts":3,"retryReasons":[],"status":"passed","title":"should create user session successfully"},{"ancestorTitles":["Zep Integration Tests","ZepClient"],"duration":1,"failureDetails":[],"failureMessages":[],"fullName":"Zep Integration Tests ZepClient should store health analysis memory with encryption","invocations":1,"location":null,"numPassingAsserts":1,"retryReasons":[],"status":"passed","title":"should store health analysis memory with encryption"},{"ancestorTitles":["Zep Integration Tests","ZepClient"],"duration":1,"failureDetails":[],"failureMessages":[],"fullName":"Zep Integration Tests ZepClient should retrieve relevant context","invocations":1,"location":null,"numPassingAsserts":1,"retryReasons":[],"status":"passed","title":"should retrieve relevant context"},{"ancestorTitles":["Zep Integration Tests","ZepClient"],"duration":0,"failureDetails":[],"failureMessages":[],"fullName":"Zep Integration Tests ZepClient should test connection successfully","invocations":1,"location":null,"numPassingAsserts":1,"retryReasons":[],"status":"passed","title":"should test connection successfully"},{"ancestorTitles":["Zep Integration Tests","MemoryManager"],"duration":2,"failureDetails":[],"failureMessages":[],"fullName":"Zep Integration Tests MemoryManager should store health analysis with HIPAA compliance","invocations":1,"location":null,"numPassingAsserts":1,"retryReasons":[],"status":"passed","title":"should store health analysis with HIPAA compliance"},{"ancestorTitles":["Zep Integration Tests","MemoryManager"],"duration":1,"failureDetails":[],"failureMessages":[],"fullName":"Zep Integration Tests MemoryManager should retrieve relevant memory context","invocations":1,"location":null,"numPassingAsserts":5,"retryReasons":[],"status":"passed","title":"should retrieve relevant memory context"},{"ancestorTitles":["Zep Integration Tests","MemoryManager"],"duration":1,"failureDetails":[],"failureMessages":[],"fullName":"Zep Integration Tests MemoryManager should create or get user session","invocations":1,"location":null,"numPassingAsserts":2,"retryReasons":[],"status":"passed","title":"should create or get user session"},{"ancestorTitles":["Zep Integration Tests","MemoryManager"],"duration":1,"failureDetails":[],"failureMessages":[],"fullName":"Zep Integration Tests MemoryManager should get user health journey","invocations":1,"location":null,"numPassingAsserts":4,"retryReasons":[],"status":"passed","title":"should get user health journey"},{"ancestorTitles":["Zep Integration Tests","SessionManager"],"duration":3,"failureDetails":[],"failureMessages":[],"fullName":"Zep Integration Tests SessionManager should create user session","invocations":1,"location":null,"numPassingAsserts":4,"retryReasons":[],"status":"passed","title":"should create user session"},{"ancestorTitles":["Zep Integration Tests","SessionManager"],"duration":0,"failureDetails":[],"failureMessages":[],"fullName":"Zep Integration Tests SessionManager should get active session","invocations":1,"location":null,"numPassingAsserts":1,"retryReasons":[],"status":"passed","title":"should get active session"},{"ancestorTitles":["Zep Integration Tests","SessionManager"],"duration":1,"failureDetails":[],"failureMessages":[],"fullName":"Zep Integration Tests SessionManager should validate session","invocations":1,"location":null,"numPassingAsserts":2,"retryReasons":[],"status":"passed","title":"should validate session"},{"ancestorTitles":["Zep Integration Tests","SessionManager"],"duration":0,"failureDetails":[],"failureMessages":[],"fullName":"Zep Integration Tests SessionManager should cleanup expired sessions","invocations":1,"location":null,"numPassingAsserts":2,"retryReasons":[],"status":"passed","title":"should cleanup expired sessions"},{"ancestorTitles":["Zep Integration Tests","SessionManager"],"duration":1,"failureDetails":[],"failureMessages":[],"fullName":"Zep Integration Tests SessionManager should get session statistics","invocations":1,"location":null,"numPassingAsserts":4,"retryReasons":[],"status":"passed","title":"should get session statistics"},{"ancestorTitles":["Zep Integration Tests","HIPAA Compliance"],"duration":1,"failureDetails":[],"failureMessages":[],"fullName":"Zep Integration Tests HIPAA Compliance should encrypt and decrypt PHI data","invocations":1,"location":null,"numPassingAsserts":3,"retryReasons":[],"status":"passed","title":"should encrypt and decrypt PHI data"},{"ancestorTitles":["Zep Integration Tests","HIPAA Compliance"],"duration":1,"failureDetails":[],"failureMessages":[],"fullName":"Zep Integration Tests HIPAA Compliance should validate HIPAA compliance","invocations":1,"location":null,"numPassingAsserts":1,"retryReasons":[],"status":"passed","title":"should validate HIPAA compliance"},{"ancestorTitles":["Zep Integration Tests","Error Handling"],"duration":1,"failureDetails":[],"failureMessages":[],"fullName":"Zep Integration Tests Error Handling should handle Zep API errors gracefully","invocations":1,"location":null,"numPassingAsserts":1,"retryReasons":[],"status":"passed","title":"s
[...]
":[{"start":{"line":123,"column":4},"end":{"line":134,"column":null}}]},"9":{"loc":{"start":{"line":137,"column":20},"end":{"line":140,"column":12}},"type":"binary-expr","locations":[{"start":{"line":137,"column":20},"end":{"line":140,"column":10}},{"start":{"line":140,"column":10},"end":{"line":140,"column":12}}]},"10":{"loc":{"start":{"line":148,"column":21},"end":{"line":148,"column":null}},"type":"binary-expr","locations":[{"start":{"line":148,"column":21},"end":{"line":148,"column":87}},{"start":{"line":148,"column":87},"end":{"line":148,"column":null}}]}},"s":{"0":0,"1":0,"2":0,"3":0,"4":0,"5":0,"6":0,"7":0,"8":0,"9":0,"10":0,"11":0,"12":0,"13":0,"14":0,"15":0,"16":0,"17":0,"18":0,"19":0,"20":0,"21":0,"22":0,"23":0,"24":0,"25":0,"26":0,"27":0,"28":0},"f":{"0":0,"1":0,"2":0,"3":0,"4":0,"5":0,"6":0,"7":0,"8":0},"b":{"0":[0],"1":[0],"2":[0],"3":[0],"4":[0],"5":[0,0],"6":[0],"7":[0],"8":[0],"9":[0,0],"10":[0,0]}},"/home/ubuntu/biospark-health-ai/lib/zep/preferences.ts":{"path":"/home/ubuntu/biospark-health-ai/lib/zep/preferences.ts","statementMap":{"0":{"start":{"line":179,"column":22},"end":{"line":179,"column":39}},"1":{"start":{"line":83,"column":22},"end":{"line":83,"column":36}},"2":{"start":{"line":31,"column":16},"end":{"line":31,"column":28}},"3":{"start":{"line":35,"column":22},"end":{"line":35,"column":38}},"4":{"start":{"line":136,"column":22},"end":{"line":136,"column":39}},"5":{"start":{"line":29,"column":50},"end":{"line":29,"column":null}},"6":{"start":{"line":32,"column":2},"end":{"line":32,"column":null}},"7":{"start":{"line":40,"column":2},"end":{"line":80,"column":null}},"8":{"start":{"line":41,"column":4},"end":{"line":49,"column":null}},"9":{"start":{"line":42,"column":6},"end":{"line":48,"column":null}},"10":{"start":{"line":52,"column":23},"end":{"line":63,"column":null}},"11":{"start":{"line":65,"column":4},"end":{"line":65,"column":null}},"12":{"start":{"line":67,"column":4},"end":{"line":70,"column":null}},"13":{"start":{"line":72,"column":4},"end":{"line":72,"column":null}},"14":{"start":{"line":73,"column":4},"end":{"line":79,"column":null}},"15":{"start":{"line":87,"column":2},"end":{"line":133,"column":null}},"16":{"start":{"line":88,"column":4},"end":{"line":96,"column":null}},"17":{"start":{"line":89,"column":6},"end":{"line":95,"column":null}},"18":{"start":{"line":99,"column":20},"end":{"line":105,"column":null}},"19":{"start":{"line":107,"column":4},"end":{"line":115,"column":null}},"20":{"start":{"line":108,"column":6},"end":{"line":114,"column":null}},"21":{"start":{"line":117,"column":28},"end":{"line":117,"column":38}},"22":{"start":{"line":118,"column":24},"end":{"line":118,"column":null}},"23":{"start":{"line":120,"column":4},"end":{"line":123,"column":null}},"24":{"start":{"line":125,"column":4},"end":{"line":125,"column":null}},"25":{"start":{"line":126,"column":4},"end":{"line":132,"column":null}},"26":{"start":{"line":141,"column":2},"end":{"line":176,"column":null}},"27":{"start":{"line":143,"column":27},"end":{"line":143,"column":null}},"28":{"start":{"line":146,"column":4},"end":{"line":157,"column":null}},"29":{"start":{"line":147,"column":6},"end":{"line":147,"column":null}},"30":{"start":{"line":150,"column":6},"end":{"line":156,"column":null}},"31":{"start":{"line":160,"column":31},"end":{"line":163,"column":null}},"32":{"start":{"line":166,"column":4},"end":{"line":166,"column":null}},"33":{"start":{"line":168,"column":4},"end":{"line":168,"column":null}},"34":{"start":{"line":169,"column":4},"end":{"line":175,"column":null}},"35":{"start":{"line":183,"column":2},"end":{"line":223,"column":null}},"36":{"start":{"line":184,"column":4},"end":{"line":192,"column":null}},"37":{"start":{"line":185,"column":6},"end":{"line":191,"column":null}},"38":{"start":{"line":196,"column":27},"end":{"line":207,"column":null}},"39":{"start":{"line":209,"column":4},"end":{"line":209,"column":null}},"40":{"start":{"line":211,"column":4},"end":{"line":213,"column":null}},"41":{"start":{"line":215,"column":4},"end":{"line":215,"column":null}},"42":{"start":{"line":216,"column":4},"end":{"line":222,"column":null}}},"fnMap":{"0":{"name":"setZepClient","decl":{"start":{"line":31,"column":16},"end":{"line":31,"column":28}},"loc":{"start":{"line":31,"column":56},"end":{"line":33,"column":null}}},"1":{"name":"storePreferences","decl":{"start":{"line":35,"column":22},"end":{"line":35,"column":38}},"loc":{"start":{"line":38,"column":30},"end":{"line":81,"column":null}}},"2":{"name":"getPreferences","decl":{"start":{"line":83,"column":22},"end":{"line":83,"column":36}},"loc":{"start":{"line":85,"column":19},"end":{"line":134,"column":null}}},"3":{"name":"updatePreferences","decl":{"start":{"line":136,"column":22},"end":{"line":136,"column":39}},"loc":{"start":{"line":139,"column":35},"end":{"line":177,"column":null}}},"4":{"name":"deletePreferences","decl":{"start":{"line":179,"column":22},"end":{"line":179,"column":39}},"loc":{"start":{"line":181,"column":19},"end":{"line":224,"column":null}}}},"branchMap":{"0":{"loc":{"start":{"line":41,"column":4},"end":{"line":49,"column":null}},"type":"if","locations":[{"start":{"line":41,"column":4},"end":{"line":49,"column":null}}]},"1":{"loc":{"start":{"line":88,"column":4},"end":{"line":96,"column":null}},"type":"if","locations":[{"start":{"line":88,"column":4},"end":{"line":96,"column":null}}]},"2":{"loc":{"start":{"line":107,"column":4},"end":{"line":115,"column":null}},"type":"if","locations":[{"start":{"line":107,"column":4},"end":{"line":115,"column":null}}]},"3":{"loc":{"start":{"line":107,"column":8},"end":{"line":107,"column":42}},"type":"binary-expr","locations":[{"start":{"line":107,"column":8},"end":{"line":107,"column":20}},{"start":{"line":107,"column":20},"end":{"line":107,"column":42}}]},"4":{"loc":{"start":{"line":118,"column":35},"end":{"line":118,"column":null}},"type":"binary-expr","locations":[{"start":{"line":118,"column":35},"end":{"line":118,"column":71}},{"start":{"line":118,"column":71},"end":{"line":118,"column":null}}]},"5":{"loc":{"start":{"line":146,"column":4},"end":{"line":157,"column":null}},"type":"if","locations":[{"start":{"line":146,"column":4},"end":{"line":157,"column":null}},{"start":{"line":148,"column":11},"end":{"line":157,"column":null}}]},"6":{"loc":{"start":{"line":146,"column":8},"end":{"line":146,"column":60}},"type":"binary-expr","locations":[{"start":{"line":146,"column":8},"end":{"line":146,"column":30}},{"start":{"line":146,"column":34},"end":{"line":146,"column":60}}]},"7":{"loc":{"start":{"line":184,"column":4},"end":{"line":192,"column":null}},"type":"if","locations":[{"start":{"line":184,"column":4},"end":{"line":192,"column":null}}]}},"s":{"0":0,"1":0,"2":0,"3":0,"4":0,"5":0,"6":0,"7":0,"8":0,"9":0,"10":0,"11":0,"12":0,"13":0,"14":0,"15":0,"16":0,"17":0,"18":0,"19":0,"20":0,"21":0,"22":0,"23":0,"24":0,"25":0,"26":0,"27":0,"28":0,"29":0,"30":0,"31":0,"32":0,"33":0,"34":0,"35":0,"36":0,"37":0,"38":0,"39":0,"40":0,"41":0,"42":0},"f":{"0":0,"1":0,"2":0,"3":0,"4":0},"b":{"0":[0],"1":[0],"2":[0],"3":[0,0],"4":[0,0],"5":[0,0],"6":[0,0],"7":[0]}},"/home/ubuntu/biospark-health-ai/lib/zep/search.ts":{"path":"/home/ubuntu/biospark-health-ai/lib/zep/search.ts","statementMap":{"0":{"start":{"line":162,"column":22},"end":{"line":162,"column":36}},"1":{"start":{"line":114,"column":22},"end":{"line":114,"column":41}},"2":{"start":{"line":68,"column":22},"end":{"line":68,"column":42}},"3":{"start":{"line":31,"column":22},"end":{"line":31,"column":36}},"4":{"start":{"line":27,"column":16},"end":{"line":27,"column":28}},"5":{"start":{"line":25,"column":50},"end":{"line":25,"column":null}},"6":{"start":{"line":28,"column":2},"end":{"line":28,"column":null}},"7":{"start":{"line":37,"column":2},"end":{"line":65,"column":null}},"8":{"start":{"line":39,"column":4},"end":{"line":47,"column":null}},"9":{"start":{"line":40,"column":6},"end":{"line":46,"column":null}},"10":{"start":{"line":50,"column":20},"end":{"line":50,"column":null}},"11":{"start":{"line":52,"column":4},"end":{"line":55,"column":null}},"12":{"start":{"line":57,"column":4},"end":{"line":57,"column":null}},"13":{"start":{"line":58,"column":4},"end":{"line":64,"column":null}},"14":{"start":{"line":74,"column":2},"end":{"line":111,"column":null}},"15":{"start":{"line":75,"column":4},"end":{"line":83,"column":null}},"16":{"start":{"line":76,"column":6},"end":{"line":82,"column":null}},"17":{"start":{"line":86,"column":26},"end":{"line":94,"column":null}},"18":{"start":{"line":96,"column":20},"end":{"line":96,"column":null}},"19":{"start":{"line":98,"column":4},"end":{"line":101,"column":null}},"20":{"start":{"line":103,"column":4},"end":{"line":103,"column":null}},"21":{"start":{"line":104,"column":4},"end":{"line":110,"column":null}},"22":{"start":{"line":120,"column":2},"end":{"line":158,"column":null}},"23":{"start":{"line":121,"column":4},"end":{"line":129,"column":null}},"24":{"start":{"line":122,"column":6},"end":{"line":128,"column":null}},"25":{"start":{"line":132,"column":26},"end":{"line":141,"column":null}},"26":{"start":{"line":143,"column":20},"end":{"line":143,"column":null}},"27":{"start":{"line":145,"column":4},"end":{"line":148,"column":null}},"28":{"start":{"line":150,"column":4},"end":{"line":150,"column":null}},"29":{"start":{"line":151,"column":4},"end":{"line":157,"column":null}},"30":{"start":{"line":167,"column":2},"end":{"line":202,"column":null}},"31":{"start":{"line":168,"column":4},"end":{"line":176,"column":null}},"32":{"start":{"line":169,"column":6},"end":{"line":175,"column":null}},"33":{"start":{"line":178,"column":24},"end":{"line":178,"column":null}},"34":{"start":{"line":179,"column":26},"end":{"line":185,"column":null}},"35":{"start":{"line":187,"column":20},"end":{"line":187,"column":null}},"36":{"start":{"line":189,"column":4},"end":{"line":192,"column":null}},"37":{"start":{"line":194,"column":4},"end":{"line":194,"column":null}},"38":{"start":{"line":195,"column":4},"end":{"line":201,"column":null}}},"fnMap":{"0":{"name":"setZepClient","decl":{"start":{"line":27,"column":16},"end":{"line":27,"column":28}},"loc":{"start":{"line":27,"column":56},"end":{"line":29,"column":null}}},"1":{"name":"semanticSearch","decl":{"start":{"line":31,"column":22},"end":{"line":31,"column":36}},"loc":{"start":{"line":35,"column":20},"end":{"line":66,"column":null}}},"2":{"name":"searchHealthAnalyses","decl":{"start":{"line":68,"column":22},"end":{"line":68,"column":42}},"loc":{"start":{"line":72,"column":20},"end":{"line":112,"column":null}}},"3":{"name":"findRelevantContext","decl":{"start":{"line":114,"column":22},"end":{"line":114,"column":41}},"loc":{"start":{"line":118,"column":19},"end":{"line":159,"column":null}}},"4":{"name":"advancedSearch","decl":{"start":{"line":162,"column":22},"end":{"line":162,"column":36}},"loc":{"start":{"line":165,"column":24},"end":{"line":203,"column":null}}}},"branchMap":{"0":{"loc":{"start":{"line":35,"column":2},"end":{"line":35,"column":20}},"type":"default-arg","locations":[{"start":{"line":35,"column":18},"end":{"line":35,"column":20}}]},"1":{"loc":{"start":{"line":39,"column":4},"end":{"line":47,"column":null}},"type":"if","locations":[{"start":{"line":39,"column":4},"end":{"line":47,"column":null}}]},"2":{"loc":{"start":{"line":54,"column":15},"end":{"line":54,"column":28}},"type":"binary-expr","locations":[{"start":{"line":54,"column":15},"end":{"line":54,"column":26}},{"start":{"line":54,"column":26},"end":{"line":54,"column":28}}]},"3":{"loc":{"start":{"line":71,"column":2},"end":{"line":71,"column":40}},"type":"default-arg","locations":[{"start":{"line":71,"column":25},"end":{"line":71,"column":40}}]},"4":{"loc":{"start":{"line":72,"column":2},"end":{"line":72,"column":20}},"type":"default-arg","locations":[{"start":{"line":72,"column":18},"end":{"line":72,"column":20}}]},"5":{"loc":{"start":{"line":75,"column":4},"end":{"line":83,"column":null}},"type":"if","locations":[{"start":{"line":75,"column":4},"end":{"line":83,"column":null}}]},"6":{"loc":{"start":{"line":100,"column":15},"end":{"line":100,"column":28}},"type":"binary-expr","locations":[{"start":{"line":100,"column":15},"end":{"line":100,"column":26}},{"start":{"line":100,"column":26},"end":{"line":100,"column":28}}]},"7":{"loc":{"start":{"line":118,"column":2},"end":{"line":118,"column":19}},"type":"default-arg","locations":[{"start":{"line":118,"column":18},"end":{"line":118,"column":19}}]},"8":{"loc":{"start":{"line":121,"column":4},"end":{"line":129,"column":null}},"type":"if","locations":[{"start":{"line":121,"column":4},"end":{"line":129,"column":null}}]},"9":{"loc":{"start":{"line":147,"column":15},"end":{"line":147,"column":28}},"type":"binary-expr","locations":[{"start":{"line":147,"column":15},"end":{"line":147,"column":26}},{"start":{"line":147,"column":26},"end":{"line":147,"column":28}}]},"10":{"loc":{"start":{"line":168,"column":4},"end":{"line":176,"column":null}},"type":"if","locations":[{"start":{"line":168,"column":4},"end":{"line":176,"column":null}}]},"11":{"loc":{"start":{"line":178,"column":24},"end":{"line":178,"column":null}},"type":"binary-expr","locations":[{"start":{"line":178,"column":24},"end":{"line":178,"column":36}},{"start":{"line":178,"column":40},"end":{"line":178,"column":null}}]},"12":{"loc":{"start":{"line":180,"column":13},"end":{"line":180,"column":null}},"type":"binary-expr","locations":[{"start":{"line":180,"column":13},"end":{"line":180,"column":26}},{"start":{"line":180,"column":30},"end":{"line":180,"column":null}}]},"13":{"loc":{"start":{"line":191,"column":15},"end":{"line":191,"column":28}},"type":"binary-expr","locations":[{"start":{"line":191,"column":15},"end":{"line":191,"column":26}},{"start":{"line":191,"column":26},"end":{"line":191,"column":28}}]}},"s":{"0":0,"1":0,"2":0,"3":0,"4":0,"5":0,"6":0,"7":0,"8":0,"9":0,"10":0,"11":0,"12":0,"13":0,"14":0,"15":0,"16":0,"17":0,"18":0,"19":0,"20":0,"21":0,"22":0,"23":0,"24":0,"25":0,"26":0,"27":0,"28":0,"29":0,"30":0,"31":0,"32":0,"33":0,"34":0,"35":0,"36":0,"37":0,"38":0},"f":{"0":0,"1":0,"2":0,"3":0,"4":0},"b":{"0":[0],"1":[0],"2":[0,0],"3":[0],"4":[0],"5":[0],"6":[0,0],"7":[0],"8":[0],"9":[0,0],"10":[0],"11":[0,0],"12":[0,0],"13":[0,0]}},"/home/ubuntu/biospark-health-ai/lib/zep/sessions.ts":{"path":"/home/ubuntu/biospark-health-ai/lib/zep/sessions.ts","statementMap":{"0":{"start":{"line":35,"column":22},"end":{"line":35,"column":39}},"1":{"start":{"line":28,"column":16},"end":{"line":28,"column":33}},"2":{"start":{"line":107,"column":22},"end":{"line":107,"column":44}},"3":{"start":{"line":75,"column":22},"end":{"line":75,"column":36}},"4":{"start":{"line":8,"column":48},"end":{"line":8,"column":null}},"5":{"start":{"line":29,"column":20},"end":{"line":29,"column":null}},"6":{"start":{"line":30,"column":23},"end":{"line":30,"column":null}},"7":{"start":{"line":31,"column":2},"end":{"line":31,"column":null}},"8":{"start":{"line":39,"column":2},"end":{"line":43,"column":null}},"9":{"start":{"line":40,"column":4},"end":{"line":40,"column":null}},"10":{"start":{"line":41,"column":22},"end":{"line":41,"column":null}},"11":{"start":{"line":42,"column":4},"end":{"line":42,"column":null}},"12":{"start":{"line":45,"column":20},"end":{"line":45,"column":null}},"13":{"start":{"line":47,"column":2},"end":{"line":51,"column":null}},"14":{"start":{"line":53,"column":2},"end":{"line":71,"column":null}},"15":{"start":{"line":55,"column":4},"end":{"line":57,"column":null}},"16":{"start":{"line":56,"column":6},"end":{"line":56,"column":null}},"17":{"start":{"line":60,"column":4},"end":{"line":68,"column":null}},"18":{"start":{"line":70,"column":4},"end":{"line":70,"column":null}},"19":{"start":{"line":76,"column":2},"end":{"line":78,"column":null}},"20":{"start":{"line":77,"column":4},"end":{"line":77,"column":null}},"21":{"start":{"line":80,"column":2},"end":{"line":103,"column":null}},"22":{"start":{"line":82,"column":4},"end":{"line":84,"column":null}},"23":{"start":{"line":83,"column":6},"end":{"line":83,"column":null}},"24":{"start":{"line":87,"column":21},"end":{"line":87,"column":66}},"25":{"start":{"line":88,"column":24},"end":{"line":88,"column":null}},"26":{"start":{"line":88,"column":50},"end":{"line":88,"column":null}},"27":{"start":{"line":90,"column":4},"end":{"line":100,"column":null}},"28":{"start":{"line":91,"column":6},"end":{"line":99,"column":null}},"29":{"start":{"line":102,"column":4},"end":{"line":102,"column":null}},"30":{"start":{"line":108,"column":26},"end":{"line":108,"column":null}},"31":{"start":{"line":110,"column":2},"end":{"line":112,"column":null}},"32":{"start":{"line":111,"column":4},"end":{"line":111,"column":null}},"33":{"start":{"line":115,"column":2},"end":{"line":115,"column":null}}},"fnMap":{"0":{"name":"generateSessionId","decl":{"start":{"line":28,"column":16},"end":{"line":28,"column":33}},"loc":{"start":{"line":28,"column":48},"end":{"line":32,"column":null}}},"1":{"name":"createUserSession","decl":{"start":{"line":35,"column":22},"end":{"line":35,"column":39}},"loc":{"start":{"line":37,"column":20},"end":{"line":72,"column":null}}},"2":{"name":"(anonymous_7)","decl":{"start":{"line":53,"column":30},"end":{"line":53,"column":null}},"loc":{"start":{"line":53,"column":30},"end":{"line":71,"column":5}}},"3":{"name":"getUserSession","decl":{"start":{"line":75,"column":22},"end":{"line":75,"column":36}},"loc":{"start":{"line":75,"column":51},"end":{"line":104,"column":null}}},"4":{"name":"(anonymous_9)","decl":{"start":{"line":80,"column":30},"end":{"line":80,"column":null}},"loc":{"start":{"line":80,"column":30},"end":{"line":103,"column":5}}},"5":{"name":"(anonymous_10)","decl":{"start":{"line":88,"column":38},"end":{"line":88,"column":39}},"loc":{"start":{"line":88,"column":50},"end":{"line":88,"column":null}}},"6":{"name":"getOrCreateUserSession","decl":{"start":{"line":107,"column":22},"end":{"line":107,"column":44}},"loc":{"start":{"line":107,"column":59},"end":{"line":116,"column":null}}}},"branchMap":{"0":{"loc":{"start":{"line":37,"column":2},"end":{"line":37,"column":20}},"type":"default-arg","locations":[{"start":{"line":37,"column":18},"end":{"line":37,"column":20}}]},"1":{"loc":{"start":{"line":39,"column":2},"end":{"line":43,"column":null}},"type":"if","locations":[{"start":{"line":39,"column":2},"end":{"line":43,"column":null}}]},"2":{"loc":{"start":{"line":55,"column":4},"end":{"line":57,"column":null}},"type":"if","locations":[{"start":{"line":55,"column":4},"end":{"line":57,"column":null}}]},"3":{"loc":{"start":{"line":76,"column":2},"end":{"line":78,"column":null}},"type":"if","locations":[{"start":{"line":76,"column":2},"end":{"line":78,"column":null}}]},"4":{"loc":{"start":{"line":82,"column":4},"end":{"line":84,"column":null}},"type":"if","locations":[{"start":{"line":82,"column":4},"end":{"line":84,"column":null}}]},"5":{"loc":{"start":{"line":87,"column":21},"end":{"line":87,"column":66}},"type":"binary-expr","locations":[{"start":{"line":87,"column":21},"end":{"line":87,"column":64}},{"start":{"line":87,"column":64},"end":{"line":87,"column":66}}]},"6":{"loc":{"start":{"line":90,"column":4},"end":{"line":100,"column":null}},"type":"if","locations":[{"start":{"line":90,"column":4},"end":{"line":100,"column":null}}]},"7":{"loc":{"start":{"line":110,"column":2},"end":{"line":112,"column":null}},"type":"if","locations":[{"start":{"line":110,"column":2},"end":{"line":112,"column":null}}]},"8":{"loc":{"start":{"line":110,"column":6},"end":{"line":110,"column":54}},"type":"binary-expr","locations":[{"start":{"line":110,"column":6},"end":{"line":110,"column":34}},{"start":{"line":110,"column":34},"end":{"line":110,"column":54}}]}},"s":{"0":0,"1":0,"2":0,"3":0,"4":0,"5":0,"6":0,"7":0,"8":0,"9":0,"10":0,"11":0,"12":0,"13":0,"14":0,"15":0,"16":0,"17":0,"18":0,"19":0,"20":0,"21":0,"22":0,"23":0,"24":0,"25":0,"26":0,"27":0,"28":0,"29":0,"30":0,"31":0,"32":0,"33":0},"f":{"0":0,"1":0,"2":0,"3":0,"4":0,"5":0,"6":0},"b":{"0":[0],"1":[0],"2":[0],"3":[0],"4":[0],"5":[0,0],"6":[0],"7":[0],"8":[0,0]}}}}
